nohup: ignoring input
Output filename is ../../NEW_results/results-1/results/HBTradii_GF_ev1_thermal_grid0.dat
2.01user 0.68system 0:02.78elapsed 96%CPU (0avgtext+0avgdata 32192maxresident)k
8inputs+54744outputs (0major+8146minor)pagefaults 0swaps
Output filename is ../../NEW_results/results-2/results/HBTradii_GF_ev2_thermal_grid0.dat
Output filename is ../../NEW_results/results-3/results/HBTradii_GF_ev3_thermal_grid0.dat
Output filename is ../../NEW_results/results-4/results/HBTradii_GF_ev4_thermal_grid0.dat
Output filename is ../../NEW_results/results-5/results/HBTradii_GF_ev5_thermal_grid0.dat
Output filename is ../../NEW_results/results-6/results/HBTradii_GF_ev6_thermal_grid0.dat
Output filename is ../../NEW_results/results-7/results/HBTradii_GF_ev7_thermal_grid0.dat
Output filename is ../../NEW_results/results-8/results/HBTradii_GF_ev8_thermal_grid0.dat
Output filename is ../../NEW_results/results-9/results/HBTradii_GF_ev9_thermal_grid0.dat
Output filename is ../../NEW_results/results-10/results/HBTradii_GF_ev10_thermal_grid0.dat
Output filename is ../../NEW_results/results-11/results/HBTradii_GF_ev11_thermal_grid0.dat
Output filename is ../../NEW_results/results-12/results/HBTradii_GF_ev12_thermal_grid0.dat
Output filename is ../../NEW_results/results-13/results/HBTradii_GF_ev13_thermal_grid0.dat
Output filename is ../../NEW_results/results-14/results/HBTradii_GF_ev14_thermal_grid0.dat
Output filename is ../../NEW_results/results-15/results/HBTradii_GF_ev15_thermal_grid0.dat
Output filename is ../../NEW_results/results-16/results/HBTradii_GF_ev16_thermal_grid0.dat
Output filename is ../../NEW_results/results-17/results/HBTradii_GF_ev17_thermal_grid0.dat
Output filename is ../../NEW_results/results-18/results/HBTradii_GF_ev18_thermal_grid0.dat
Output filename is ../../NEW_results/results-19/results/HBTradii_GF_ev19_thermal_grid0.dat
Output filename is ../../NEW_results/results-20/results/HBTradii_GF_ev20_thermal_grid0.dat
Output filename is ../../NEW_results/results-21/results/HBTradii_GF_ev21_thermal_grid0.dat
Output filename is ../../NEW_results/results-22/results/HBTradii_GF_ev22_thermal_grid0.dat
Output filename is ../../NEW_results/results-23/results/HBTradii_GF_ev23_thermal_grid0.dat
Output filename is ../../NEW_results/results-24/results/HBTradii_GF_ev24_thermal_grid0.dat
Output filename is ../../NEW_results/results-25/results/HBTradii_GF_ev25_thermal_grid0.dat
Output filename is ../../NEW_results/results-26/results/HBTradii_GF_ev26_thermal_grid0.dat
Output filename is ../../NEW_results/results-27/results/HBTradii_GF_ev27_thermal_grid0.dat
Output filename is ../../NEW_results/results-28/results/HBTradii_GF_ev28_thermal_grid0.dat
Output filename is ../../NEW_results/results-29/results/HBTradii_GF_ev29_thermal_grid0.dat
Output filename is ../../NEW_results/results-30/results/HBTradii_GF_ev30_thermal_grid0.dat
Output filename is ../../NEW_results/results-31/results/HBTradii_GF_ev31_thermal_grid0.dat
Output filename is ../../NEW_results/results-32/results/HBTradii_GF_ev32_thermal_grid0.dat
Output filename is ../../NEW_results/results-33/results/HBTradii_GF_ev33_thermal_grid0.dat
Output filename is ../../NEW_results/results-34/results/HBTradii_GF_ev34_thermal_grid0.dat
Output filename is ../../NEW_results/results-35/results/HBTradii_GF_ev35_thermal_grid0.dat
Output filename is ../../NEW_results/results-36/results/HBTradii_GF_ev36_thermal_grid0.dat
Output filename is ../../NEW_results/results-37/results/HBTradii_GF_ev37_thermal_grid0.dat
Output filename is ../../NEW_results/results-38/results/HBTradii_GF_ev38_thermal_grid0.dat
Output filename is ../../NEW_results/results-39/results/HBTradii_GF_ev39_thermal_grid0.dat
Output filename is ../../NEW_results/results-40/results/HBTradii_GF_ev40_thermal_grid0.dat
Output filename is ../../NEW_results/results-41/results/HBTradii_GF_ev41_thermal_grid0.dat
Output filename is ../../NEW_results/results-42/results/HBTradii_GF_ev42_thermal_grid0.dat
Output filename is ../../NEW_results/results-43/results/HBTradii_GF_ev43_thermal_grid0.dat
Output filename is ../../NEW_results/results-44/results/HBTradii_GF_ev44_thermal_grid0.dat
Output filename is ../../NEW_results/results-45/results/HBTradii_GF_ev45_thermal_grid0.dat
Output filename is ../../NEW_results/results-46/results/HBTradii_GF_ev46_thermal_grid0.dat
Output filename is ../../NEW_results/results-47/results/HBTradii_GF_ev47_thermal_grid0.dat
Output filename is ../../NEW_results/results-48/results/HBTradii_GF_ev48_thermal_grid0.dat
Output filename is ../../NEW_results/results-49/results/HBTradii_GF_ev49_thermal_grid0.dat
Output filename is ../../NEW_results/results-50/results/HBTradii_GF_ev50_thermal_grid0.dat
Output filename is ../../NEW_results/results-51/results/HBTradii_GF_ev51_thermal_grid0.dat
Output filename is ../../NEW_results/results-52/results/HBTradii_GF_ev52_thermal_grid0.dat
Output filename is ../../NEW_results/results-53/results/HBTradii_GF_ev53_thermal_grid0.dat
Output filename is ../../NEW_results/results-54/results/HBTradii_GF_ev54_thermal_grid0.dat
Output filename is ../../NEW_results/results-55/results/HBTradii_GF_ev55_thermal_grid0.dat
Output filename is ../../NEW_results/results-56/results/HBTradii_GF_ev56_thermal_grid0.dat
Output filename is ../../NEW_results/results-57/results/HBTradii_GF_ev57_thermal_grid0.dat
Output filename is ../../NEW_results/results-58/results/HBTradii_GF_ev58_thermal_grid0.dat
Output filename is ../../NEW_results/results-59/results/HBTradii_GF_ev59_thermal_grid0.dat
Output filename is ../../NEW_results/results-60/results/HBTradii_GF_ev60_thermal_grid0.dat
Output filename is ../../NEW_results/results-61/results/HBTradii_GF_ev61_thermal_grid0.dat
Output filename is ../../NEW_results/results-62/results/HBTradii_GF_ev62_thermal_grid0.dat
Output filename is ../../NEW_results/results-63/results/HBTradii_GF_ev63_thermal_grid0.dat
Output filename is ../../NEW_results/results-64/results/HBTradii_GF_ev64_thermal_grid0.dat
Output filename is ../../NEW_results/results-65/results/HBTradii_GF_ev65_thermal_grid0.dat
Output filename is ../../NEW_results/results-66/results/HBTradii_GF_ev66_thermal_grid0.dat
Output filename is ../../NEW_results/results-67/results/HBTradii_GF_ev67_thermal_grid0.dat
Output filename is ../../NEW_results/results-68/results/HBTradii_GF_ev68_thermal_grid0.dat
Output filename is ../../NEW_results/results-69/results/HBTradii_GF_ev69_thermal_grid0.dat
Output filename is ../../NEW_results/results-70/results/HBTradii_GF_ev70_thermal_grid0.dat
Output filename is ../../NEW_results/results-71/results/HBTradii_GF_ev71_thermal_grid0.dat
Output filename is ../../NEW_results/results-72/results/HBTradii_GF_ev72_thermal_grid0.dat
Output filename is ../../NEW_results/results-73/results/HBTradii_GF_ev73_thermal_grid0.dat
Output filename is ../../NEW_results/results-74/results/HBTradii_GF_ev74_thermal_grid0.dat
Output filename is ../../NEW_results/results-75/results/HBTradii_GF_ev75_thermal_grid0.dat
Output filename is ../../NEW_results/results-76/results/HBTradii_GF_ev76_thermal_grid0.dat
Output filename is ../../NEW_results/results-77/results/HBTradii_GF_ev77_thermal_grid0.dat
Output filename is ../../NEW_results/results-78/results/HBTradii_GF_ev78_thermal_grid0.dat
Output filename is ../../NEW_results/results-79/results/HBTradii_GF_ev79_thermal_grid0.dat
Output filename is ../../NEW_results/results-80/results/HBTradii_GF_ev80_thermal_grid0.dat
Output filename is ../../NEW_results/results-81/results/HBTradii_GF_ev81_thermal_grid0.dat
Output filename is ../../NEW_results/results-82/results/HBTradii_GF_ev82_thermal_grid0.dat
Output filename is ../../NEW_results/results-83/results/HBTradii_GF_ev83_thermal_grid0.dat
Output filename is ../../NEW_results/results-84/results/HBTradii_GF_ev84_thermal_grid0.dat
Output filename is ../../NEW_results/results-85/results/HBTradii_GF_ev85_thermal_grid0.dat
Output filename is ../../NEW_results/results-86/results/HBTradii_GF_ev86_thermal_grid0.dat
Output filename is ../../NEW_results/results-87/results/HBTradii_GF_ev87_thermal_grid0.dat
Output filename is ../../NEW_results/results-88/results/HBTradii_GF_ev88_thermal_grid0.dat
Output filename is ../../NEW_results/results-89/results/HBTradii_GF_ev89_thermal_grid0.dat
Output filename is ../../NEW_results/results-90/results/HBTradii_GF_ev90_thermal_grid0.dat
Output filename is ../../NEW_results/results-91/results/HBTradii_GF_ev91_thermal_grid0.dat
Output filename is ../../NEW_results/results-92/results/HBTradii_GF_ev92_thermal_grid0.dat
Output filename is ../../NEW_results/results-93/results/HBTradii_GF_ev93_thermal_grid0.dat
Output filename is ../../NEW_results/results-94/results/HBTradii_GF_ev94_thermal_grid0.dat
Output filename is ../../NEW_results/results-95/results/HBTradii_GF_ev95_thermal_grid0.dat
Output filename is ../../NEW_results/results-96/results/HBTradii_GF_ev96_thermal_grid0.dat
Output filename is ../../NEW_results/results-97/results/HBTradii_GF_ev97_thermal_grid0.dat
Output filename is ../../NEW_results/results-98/results/HBTradii_GF_ev98_thermal_grid0.dat
Output filename is ../../NEW_results/results-99/results/HBTradii_GF_ev99_thermal_grid0.dat
Output filename is ../../NEW_results/results-100/results/HBTradii_GF_ev100_thermal_grid0.dat
Output filename is ../../NEW_results/results-101/results/HBTradii_GF_ev101_thermal_grid0.dat
Output filename is ../../NEW_results/results-102/results/HBTradii_GF_ev102_thermal_grid0.dat
Output filename is ../../NEW_results/results-103/results/HBTradii_GF_ev103_thermal_grid0.dat
Output filename is ../../NEW_results/results-104/results/HBTradii_GF_ev104_thermal_grid0.dat
Output filename is ../../NEW_results/results-105/results/HBTradii_GF_ev105_thermal_grid0.dat
Output filename is ../../NEW_results/results-106/results/HBTradii_GF_ev106_thermal_grid0.dat
Output filename is ../../NEW_results/results-107/results/HBTradii_GF_ev107_thermal_grid0.dat
Output filename is ../../NEW_results/results-108/results/HBTradii_GF_ev108_thermal_grid0.dat
Output filename is ../../NEW_results/results-109/results/HBTradii_GF_ev109_thermal_grid0.dat
Output filename is ../../NEW_results/results-110/results/HBTradii_GF_ev110_thermal_grid0.dat
Output filename is ../../NEW_results/results-111/results/HBTradii_GF_ev111_thermal_grid0.dat
Output filename is ../../NEW_results/results-112/results/HBTradii_GF_ev112_thermal_grid0.dat
Output filename is ../../NEW_results/results-113/results/HBTradii_GF_ev113_thermal_grid0.dat
Output filename is ../../NEW_results/results-114/results/HBTradii_GF_ev114_thermal_grid0.dat
Output filename is ../../NEW_results/results-115/results/HBTradii_GF_ev115_thermal_grid0.dat
Output filename is ../../NEW_results/results-116/results/HBTradii_GF_ev116_thermal_grid0.dat
Output filename is ../../NEW_results/results-117/results/HBTradii_GF_ev117_thermal_grid0.dat
Output filename is ../../NEW_results/results-118/results/HBTradii_GF_ev118_thermal_grid0.dat
Output filename is ../../NEW_results/results-119/results/HBTradii_GF_ev119_thermal_grid0.dat
Output filename is ../../NEW_results/results-120/results/HBTradii_GF_ev120_thermal_grid0.dat
Output filename is ../../NEW_results/results-121/results/HBTradii_GF_ev121_thermal_grid0.dat
Output filename is ../../NEW_results/results-122/results/HBTradii_GF_ev122_thermal_grid0.dat
Output filename is ../../NEW_results/results-123/results/HBTradii_GF_ev123_thermal_grid0.dat
Output filename is ../../NEW_results/results-124/results/HBTradii_GF_ev124_thermal_grid0.dat
Output filename is ../../NEW_results/results-125/results/HBTradii_GF_ev125_thermal_grid0.dat
Output filename is ../../NEW_results/results-126/results/HBTradii_GF_ev126_thermal_grid0.dat
Output filename is ../../NEW_results/results-127/results/HBTradii_GF_ev127_thermal_grid0.dat
Output filename is ../../NEW_results/results-128/results/HBTradii_GF_ev128_thermal_grid0.dat
Output filename is ../../NEW_results/results-129/results/HBTradii_GF_ev129_thermal_grid0.dat
Output filename is ../../NEW_results/results-130/results/HBTradii_GF_ev130_thermal_grid0.dat
Output filename is ../../NEW_results/results-131/results/HBTradii_GF_ev131_thermal_grid0.dat
Output filename is ../../NEW_results/results-132/results/HBTradii_GF_ev132_thermal_grid0.dat
Output filename is ../../NEW_results/results-133/results/HBTradii_GF_ev133_thermal_grid0.dat
Output filename is ../../NEW_results/results-134/results/HBTradii_GF_ev134_thermal_grid0.dat
Output filename is ../../NEW_results/results-135/results/HBTradii_GF_ev135_thermal_grid0.dat
Output filename is ../../NEW_results/results-136/results/HBTradii_GF_ev136_thermal_grid0.dat
Output filename is ../../NEW_results/results-137/results/HBTradii_GF_ev137_thermal_grid0.dat
Output filename is ../../NEW_results/results-138/results/HBTradii_GF_ev138_thermal_grid0.dat
Output filename is ../../NEW_results/results-139/results/HBTradii_GF_ev139_thermal_grid0.dat
Output filename is ../../NEW_results/results-140/results/HBTradii_GF_ev140_thermal_grid0.dat
Output filename is ../../NEW_results/results-141/results/HBTradii_GF_ev141_thermal_grid0.dat
Output filename is ../../NEW_results/results-142/results/HBTradii_GF_ev142_thermal_grid0.dat
Output filename is ../../NEW_results/results-143/results/HBTradii_GF_ev143_thermal_grid0.dat
Output filename is ../../NEW_results/results-144/results/HBTradii_GF_ev144_thermal_grid0.dat
Output filename is ../../NEW_results/results-145/results/HBTradii_GF_ev145_thermal_grid0.dat
Output filename is ../../NEW_results/results-146/results/HBTradii_GF_ev146_thermal_grid0.dat
Output filename is ../../NEW_results/results-147/results/HBTradii_GF_ev147_thermal_grid0.dat
Output filename is ../../NEW_results/results-148/results/HBTradii_GF_ev148_thermal_grid0.dat
Output filename is ../../NEW_results/results-149/results/HBTradii_GF_ev149_thermal_grid0.dat
Output filename is ../../NEW_results/results-150/results/HBTradii_GF_ev150_thermal_grid0.dat
Output filename is ../../NEW_results/results-151/results/HBTradii_GF_ev151_thermal_grid0.dat
Output filename is ../../NEW_results/results-152/results/HBTradii_GF_ev152_thermal_grid0.dat
Output filename is ../../NEW_results/results-153/results/HBTradii_GF_ev153_thermal_grid0.dat
Output filename is ../../NEW_results/results-154/results/HBTradii_GF_ev154_thermal_grid0.dat
Output filename is ../../NEW_results/results-155/results/HBTradii_GF_ev155_thermal_grid0.dat
Output filename is ../../NEW_results/results-156/results/HBTradii_GF_ev156_thermal_grid0.dat
Output filename is ../../NEW_results/results-157/results/HBTradii_GF_ev157_thermal_grid0.dat
Output filename is ../../NEW_results/results-158/results/HBTradii_GF_ev158_thermal_grid0.dat
Output filename is ../../NEW_results/results-159/results/HBTradii_GF_ev159_thermal_grid0.dat
Output filename is ../../NEW_results/results-160/results/HBTradii_GF_ev160_thermal_grid0.dat
Output filename is ../../NEW_results/results-161/results/HBTradii_GF_ev161_thermal_grid0.dat
Output filename is ../../NEW_results/results-162/results/HBTradii_GF_ev162_thermal_grid0.dat
Output filename is ../../NEW_results/results-163/results/HBTradii_GF_ev163_thermal_grid0.dat
Output filename is ../../NEW_results/results-164/results/HBTradii_GF_ev164_thermal_grid0.dat
Output filename is ../../NEW_results/results-165/results/HBTradii_GF_ev165_thermal_grid0.dat
Output filename is ../../NEW_results/results-166/results/HBTradii_GF_ev166_thermal_grid0.dat
Output filename is ../../NEW_results/results-167/results/HBTradii_GF_ev167_thermal_grid0.dat
Output filename is ../../NEW_results/results-168/results/HBTradii_GF_ev168_thermal_grid0.dat
Output filename is ../../NEW_results/results-169/results/HBTradii_GF_ev169_thermal_grid0.dat
Output filename is ../../NEW_results/results-170/results/HBTradii_GF_ev170_thermal_grid0.dat
Output filename is ../../NEW_results/results-171/results/HBTradii_GF_ev171_thermal_grid0.dat
Output filename is ../../NEW_results/results-172/results/HBTradii_GF_ev172_thermal_grid0.dat
Output filename is ../../NEW_results/results-173/results/HBTradii_GF_ev173_thermal_grid0.dat
Output filename is ../../NEW_results/results-174/results/HBTradii_GF_ev174_thermal_grid0.dat
Output filename is ../../NEW_results/results-175/results/HBTradii_GF_ev175_thermal_grid0.dat
Output filename is ../../NEW_results/results-176/results/HBTradii_GF_ev176_thermal_grid0.dat
Output filename is ../../NEW_results/results-177/results/HBTradii_GF_ev177_thermal_grid0.dat
Output filename is ../../NEW_results/results-178/results/HBTradii_GF_ev178_thermal_grid0.dat
Output filename is ../../NEW_results/results-179/results/HBTradii_GF_ev179_thermal_grid0.dat
Output filename is ../../NEW_results/results-180/results/HBTradii_GF_ev180_thermal_grid0.dat
Output filename is ../../NEW_results/results-181/results/HBTradii_GF_ev181_thermal_grid0.dat
Output filename is ../../NEW_results/results-182/results/HBTradii_GF_ev182_thermal_grid0.dat
Output filename is ../../NEW_results/results-183/results/HBTradii_GF_ev183_thermal_grid0.dat
Output filename is ../../NEW_results/results-184/results/HBTradii_GF_ev184_thermal_grid0.dat
Output filename is ../../NEW_results/results-185/results/HBTradii_GF_ev185_thermal_grid0.dat
Output filename is ../../NEW_results/results-186/results/HBTradii_GF_ev186_thermal_grid0.dat
Output filename is ../../NEW_results/results-187/results/HBTradii_GF_ev187_thermal_grid0.dat
Output filename is ../../NEW_results/results-188/results/HBTradii_GF_ev188_thermal_grid0.dat
Output filename is ../../NEW_results/results-189/results/HBTradii_GF_ev189_thermal_grid0.dat
Output filename is ../../NEW_results/results-190/results/HBTradii_GF_ev190_thermal_grid0.dat
Output filename is ../../NEW_results/results-191/results/HBTradii_GF_ev191_thermal_grid0.dat
Output filename is ../../NEW_results/results-192/results/HBTradii_GF_ev192_thermal_grid0.dat
Output filename is ../../NEW_results/results-193/results/HBTradii_GF_ev193_thermal_grid0.dat
Output filename is ../../NEW_results/results-194/results/HBTradii_GF_ev194_thermal_grid0.dat
Output filename is ../../NEW_results/results-195/results/HBTradii_GF_ev195_thermal_grid0.dat
Output filename is ../../NEW_results/results-196/results/HBTradii_GF_ev196_thermal_grid0.dat
Output filename is ../../NEW_results/results-197/results/HBTradii_GF_ev197_thermal_grid0.dat
Output filename is ../../NEW_results/results-198/results/HBTradii_GF_ev198_thermal_grid0.dat
Output filename is ../../NEW_results/results-199/results/HBTradii_GF_ev199_thermal_grid0.dat
Output filename is ../../NEW_results/results-200/results/HBTradii_GF_ev200_thermal_grid0.dat
Output filename is ../../NEW_results/results-201/results/HBTradii_GF_ev201_thermal_grid0.dat
Output filename is ../../NEW_results/results-202/results/HBTradii_GF_ev202_thermal_grid0.dat
Output filename is ../../NEW_results/results-203/results/HBTradii_GF_ev203_thermal_grid0.dat
Output filename is ../../NEW_results/results-204/results/HBTradii_GF_ev204_thermal_grid0.dat
Output filename is ../../NEW_results/results-205/results/HBTradii_GF_ev205_thermal_grid0.dat
Output filename is ../../NEW_results/results-206/results/HBTradii_GF_ev206_thermal_grid0.dat
Output filename is ../../NEW_results/results-207/results/HBTradii_GF_ev207_thermal_grid0.dat
Output filename is ../../NEW_results/results-208/results/HBTradii_GF_ev208_thermal_grid0.dat
Output filename is ../../NEW_results/results-209/results/HBTradii_GF_ev209_thermal_grid0.dat
Output filename is ../../NEW_results/results-210/results/HBTradii_GF_ev210_thermal_grid0.dat
Output filename is ../../NEW_results/results-211/results/HBTradii_GF_ev211_thermal_grid0.dat
Output filename is ../../NEW_results/results-212/results/HBTradii_GF_ev212_thermal_grid0.dat
Output filename is ../../NEW_results/results-213/results/HBTradii_GF_ev213_thermal_grid0.dat
Output filename is ../../NEW_results/results-214/results/HBTradii_GF_ev214_thermal_grid0.dat
Output filename is ../../NEW_results/results-215/results/HBTradii_GF_ev215_thermal_grid0.dat
Output filename is ../../NEW_results/results-216/results/HBTradii_GF_ev216_thermal_grid0.dat
Output filename is ../../NEW_results/results-217/results/HBTradii_GF_ev217_thermal_grid0.dat
Output filename is ../../NEW_results/results-218/results/HBTradii_GF_ev218_thermal_grid0.dat
Output filename is ../../NEW_results/results-219/results/HBTradii_GF_ev219_thermal_grid0.dat
Output filename is ../../NEW_results/results-220/results/HBTradii_GF_ev220_thermal_grid0.dat
Output filename is ../../NEW_results/results-221/results/HBTradii_GF_ev221_thermal_grid0.dat
Output filename is ../../NEW_results/results-222/results/HBTradii_GF_ev222_thermal_grid0.dat
Output filename is ../../NEW_results/results-223/results/HBTradii_GF_ev223_thermal_grid0.dat
Output filename is ../../NEW_results/results-224/results/HBTradii_GF_ev224_thermal_grid0.dat
Output filename is ../../NEW_results/results-225/results/HBTradii_GF_ev225_thermal_grid0.dat
Output filename is ../../NEW_results/results-226/results/HBTradii_GF_ev226_thermal_grid0.dat
Output filename is ../../NEW_results/results-227/results/HBTradii_GF_ev227_thermal_grid0.dat
Output filename is ../../NEW_results/results-228/results/HBTradii_GF_ev228_thermal_grid0.dat
Output filename is ../../NEW_results/results-229/results/HBTradii_GF_ev229_thermal_grid0.dat
Output filename is ../../NEW_results/results-230/results/HBTradii_GF_ev230_thermal_grid0.dat
Output filename is ../../NEW_results/results-231/results/HBTradii_GF_ev231_thermal_grid0.dat
Output filename is ../../NEW_results/results-232/results/HBTradii_GF_ev232_thermal_grid0.dat
Output filename is ../../NEW_results/results-233/results/HBTradii_GF_ev233_thermal_grid0.dat
Output filename is ../../NEW_results/results-234/results/HBTradii_GF_ev234_thermal_grid0.dat
Output filename is ../../NEW_results/results-235/results/HBTradii_GF_ev235_thermal_grid0.dat
Output filename is ../../NEW_results/results-236/results/HBTradii_GF_ev236_thermal_grid0.dat
Output filename is ../../NEW_results/results-237/results/HBTradii_GF_ev237_thermal_grid0.dat
Output filename is ../../NEW_results/results-238/results/HBTradii_GF_ev238_thermal_grid0.dat
Output filename is ../../NEW_results/results-239/results/HBTradii_GF_ev239_thermal_grid0.dat
Output filename is ../../NEW_results/results-240/results/HBTradii_GF_ev240_thermal_grid0.dat
Output filename is ../../NEW_results/results-241/results/HBTradii_GF_ev241_thermal_grid0.dat
Output filename is ../../NEW_results/results-242/results/HBTradii_GF_ev242_thermal_grid0.dat
Output filename is ../../NEW_results/results-243/results/HBTradii_GF_ev243_thermal_grid0.dat
Output filename is ../../NEW_results/results-244/results/HBTradii_GF_ev244_thermal_grid0.dat
Output filename is ../../NEW_results/results-245/results/HBTradii_GF_ev245_thermal_grid0.dat
Output filename is ../../NEW_results/results-246/results/HBTradii_GF_ev246_thermal_grid0.dat
Output filename is ../../NEW_results/results-247/results/HBTradii_GF_ev247_thermal_grid0.dat
Output filename is ../../NEW_results/results-248/results/HBTradii_GF_ev248_thermal_grid0.dat
Output filename is ../../NEW_results/results-249/results/HBTradii_GF_ev249_thermal_grid0.dat
Output filename is ../../NEW_results/results-250/results/HBTradii_GF_ev250_thermal_grid0.dat
Output filename is ../../NEW_results/results-251/results/HBTradii_GF_ev251_thermal_grid0.dat
Output filename is ../../NEW_results/results-252/results/HBTradii_GF_ev252_thermal_grid0.dat
Output filename is ../../NEW_results/results-253/results/HBTradii_GF_ev253_thermal_grid0.dat
Output filename is ../../NEW_results/results-254/results/HBTradii_GF_ev254_thermal_grid0.dat
Output filename is ../../NEW_results/results-255/results/HBTradii_GF_ev255_thermal_grid0.dat
Output filename is ../../NEW_results/results-256/results/HBTradii_GF_ev256_thermal_grid0.dat
Output filename is ../../NEW_results/results-257/results/HBTradii_GF_ev257_thermal_grid0.dat
Output filename is ../../NEW_results/results-258/results/HBTradii_GF_ev258_thermal_grid0.dat
Output filename is ../../NEW_results/results-259/results/HBTradii_GF_ev259_thermal_grid0.dat
Output filename is ../../NEW_results/results-260/results/HBTradii_GF_ev260_thermal_grid0.dat
Output filename is ../../NEW_results/results-261/results/HBTradii_GF_ev261_thermal_grid0.dat
Output filename is ../../NEW_results/results-262/results/HBTradii_GF_ev262_thermal_grid0.dat
Output filename is ../../NEW_results/results-263/results/HBTradii_GF_ev263_thermal_grid0.dat
Output filename is ../../NEW_results/results-264/results/HBTradii_GF_ev264_thermal_grid0.dat
Output filename is ../../NEW_results/results-265/results/HBTradii_GF_ev265_thermal_grid0.dat
Output filename is ../../NEW_results/results-266/results/HBTradii_GF_ev266_thermal_grid0.dat
Output filename is ../../NEW_results/results-267/results/HBTradii_GF_ev267_thermal_grid0.dat
Output filename is ../../NEW_results/results-268/results/HBTradii_GF_ev268_thermal_grid0.dat
Output filename is ../../NEW_results/results-269/results/HBTradii_GF_ev269_thermal_grid0.dat
Output filename is ../../NEW_results/results-270/results/HBTradii_GF_ev270_thermal_grid0.dat
Output filename is ../../NEW_results/results-271/results/HBTradii_GF_ev271_thermal_grid0.dat
Output filename is ../../NEW_results/results-272/results/HBTradii_GF_ev272_thermal_grid0.dat
Output filename is ../../NEW_results/results-273/results/HBTradii_GF_ev273_thermal_grid0.dat
Output filename is ../../NEW_results/results-274/results/HBTradii_GF_ev274_thermal_grid0.dat
Output filename is ../../NEW_results/results-275/results/HBTradii_GF_ev275_thermal_grid0.dat
Output filename is ../../NEW_results/results-276/results/HBTradii_GF_ev276_thermal_grid0.dat
Output filename is ../../NEW_results/results-277/results/HBTradii_GF_ev277_thermal_grid0.dat
Output filename is ../../NEW_results/results-278/results/HBTradii_GF_ev278_thermal_grid0.dat
Output filename is ../../NEW_results/results-279/results/HBTradii_GF_ev279_thermal_grid0.dat
Output filename is ../../NEW_results/results-280/results/HBTradii_GF_ev280_thermal_grid0.dat
Output filename is ../../NEW_results/results-281/results/HBTradii_GF_ev281_thermal_grid0.dat
Output filename is ../../NEW_results/results-282/results/HBTradii_GF_ev282_thermal_grid0.dat
Output filename is ../../NEW_results/results-283/results/HBTradii_GF_ev283_thermal_grid0.dat
Output filename is ../../NEW_results/results-284/results/HBTradii_GF_ev284_thermal_grid0.dat
Output filename is ../../NEW_results/results-285/results/HBTradii_GF_ev285_thermal_grid0.dat
Output filename is ../../NEW_results/results-286/results/HBTradii_GF_ev286_thermal_grid0.dat
Output filename is ../../NEW_results/results-287/results/HBTradii_GF_ev287_thermal_grid0.dat
Output filename is ../../NEW_results/results-288/results/HBTradii_GF_ev288_thermal_grid0.dat
Output filename is ../../NEW_results/results-289/results/HBTradii_GF_ev289_thermal_grid0.dat
Output filename is ../../NEW_results/results-290/results/HBTradii_GF_ev290_thermal_grid0.dat
Output filename is ../../NEW_results/results-291/results/HBTradii_GF_ev291_thermal_grid0.dat
Output filename is ../../NEW_results/results-292/results/HBTradii_GF_ev292_thermal_grid0.dat
Output filename is ../../NEW_results/results-293/results/HBTradii_GF_ev293_thermal_grid0.dat
Output filename is ../../NEW_results/results-294/results/HBTradii_GF_ev294_thermal_grid0.dat
Output filename is ../../NEW_results/results-295/results/HBTradii_GF_ev295_thermal_grid0.dat
Output filename is ../../NEW_results/results-296/results/HBTradii_GF_ev296_thermal_grid0.dat
Output filename is ../../NEW_results/results-297/results/HBTradii_GF_ev297_thermal_grid0.dat
Output filename is ../../NEW_results/results-298/results/HBTradii_GF_ev298_thermal_grid0.dat
Output filename is ../../NEW_results/results-299/results/HBTradii_GF_ev299_thermal_grid0.dat
Output filename is ../../NEW_results/results-300/results/HBTradii_GF_ev300_thermal_grid0.dat
Output filename is ../../NEW_results/results-301/results/HBTradii_GF_ev301_thermal_grid0.dat
Output filename is ../../NEW_results/results-302/results/HBTradii_GF_ev302_thermal_grid0.dat
Output filename is ../../NEW_results/results-303/results/HBTradii_GF_ev303_thermal_grid0.dat
Output filename is ../../NEW_results/results-304/results/HBTradii_GF_ev304_thermal_grid0.dat
Output filename is ../../NEW_results/results-305/results/HBTradii_GF_ev305_thermal_grid0.dat
Output filename is ../../NEW_results/results-306/results/HBTradii_GF_ev306_thermal_grid0.dat
Output filename is ../../NEW_results/results-307/results/HBTradii_GF_ev307_thermal_grid0.dat
Output filename is ../../NEW_results/results-308/results/HBTradii_GF_ev308_thermal_grid0.dat
Output filename is ../../NEW_results/results-309/results/HBTradii_GF_ev309_thermal_grid0.dat
Output filename is ../../NEW_results/results-310/results/HBTradii_GF_ev310_thermal_grid0.dat
Output filename is ../../NEW_results/results-311/results/HBTradii_GF_ev311_thermal_grid0.dat
Output filename is ../../NEW_results/results-312/results/HBTradii_GF_ev312_thermal_grid0.dat
Output filename is ../../NEW_results/results-313/results/HBTradii_GF_ev313_thermal_grid0.dat
Output filename is ../../NEW_results/results-314/results/HBTradii_GF_ev314_thermal_grid0.dat
Output filename is ../../NEW_results/results-315/results/HBTradii_GF_ev315_thermal_grid0.dat
Output filename is ../../NEW_results/results-316/results/HBTradii_GF_ev316_thermal_grid0.dat
Output filename is ../../NEW_results/results-317/results/HBTradii_GF_ev317_thermal_grid0.dat
Output filename is ../../NEW_results/results-318/results/HBTradii_GF_ev318_thermal_grid0.dat
Output filename is ../../NEW_results/results-319/results/HBTradii_GF_ev319_thermal_grid0.dat
Output filename is ../../NEW_results/results-320/results/HBTradii_GF_ev320_thermal_grid0.dat
Output filename is ../../NEW_results/results-321/results/HBTradii_GF_ev321_thermal_grid0.dat
Output filename is ../../NEW_results/results-322/results/HBTradii_GF_ev322_thermal_grid0.dat
Output filename is ../../NEW_results/results-323/results/HBTradii_GF_ev323_thermal_grid0.dat
Output filename is ../../NEW_results/results-324/results/HBTradii_GF_ev324_thermal_grid0.dat
Output filename is ../../NEW_results/results-325/results/HBTradii_GF_ev325_thermal_grid0.dat
Output filename is ../../NEW_results/results-326/results/HBTradii_GF_ev326_thermal_grid0.dat
Output filename is ../../NEW_results/results-327/results/HBTradii_GF_ev327_thermal_grid0.dat
Output filename is ../../NEW_results/results-328/results/HBTradii_GF_ev328_thermal_grid0.dat
Output filename is ../../NEW_results/results-329/results/HBTradii_GF_ev329_thermal_grid0.dat
Output filename is ../../NEW_results/results-330/results/HBTradii_GF_ev330_thermal_grid0.dat
Output filename is ../../NEW_results/results-331/results/HBTradii_GF_ev331_thermal_grid0.dat
Output filename is ../../NEW_results/results-332/results/HBTradii_GF_ev332_thermal_grid0.dat
Output filename is ../../NEW_results/results-333/results/HBTradii_GF_ev333_thermal_grid0.dat
Output filename is ../../NEW_results/results-334/results/HBTradii_GF_ev334_thermal_grid0.dat
Output filename is ../../NEW_results/results-335/results/HBTradii_GF_ev335_thermal_grid0.dat
Output filename is ../../NEW_results/results-336/results/HBTradii_GF_ev336_thermal_grid0.dat
Output filename is ../../NEW_results/results-337/results/HBTradii_GF_ev337_thermal_grid0.dat
Output filename is ../../NEW_results/results-338/results/HBTradii_GF_ev338_thermal_grid0.dat
Output filename is ../../NEW_results/results-339/results/HBTradii_GF_ev339_thermal_grid0.dat
Output filename is ../../NEW_results/results-340/results/HBTradii_GF_ev340_thermal_grid0.dat
Output filename is ../../NEW_results/results-341/results/HBTradii_GF_ev341_thermal_grid0.dat
Output filename is ../../NEW_results/results-342/results/HBTradii_GF_ev342_thermal_grid0.dat
Output filename is ../../NEW_results/results-343/results/HBTradii_GF_ev343_thermal_grid0.dat
Output filename is ../../NEW_results/results-344/results/HBTradii_GF_ev344_thermal_grid0.dat
Output filename is ../../NEW_results/results-345/results/HBTradii_GF_ev345_thermal_grid0.dat
Output filename is ../../NEW_results/results-346/results/HBTradii_GF_ev346_thermal_grid0.dat
Output filename is ../../NEW_results/results-347/results/HBTradii_GF_ev347_thermal_grid0.dat
Output filename is ../../NEW_results/results-348/results/HBTradii_GF_ev348_thermal_grid0.dat
Output filename is ../../NEW_results/results-349/results/HBTradii_GF_ev349_thermal_grid0.dat
Output filename is ../../NEW_results/results-350/results/HBTradii_GF_ev350_thermal_grid0.dat
Output filename is ../../NEW_results/results-351/results/HBTradii_GF_ev351_thermal_grid0.dat
Output filename is ../../NEW_results/results-352/results/HBTradii_GF_ev352_thermal_grid0.dat
Output filename is ../../NEW_results/results-353/results/HBTradii_GF_ev353_thermal_grid0.dat
Output filename is ../../NEW_results/results-354/results/HBTradii_GF_ev354_thermal_grid0.dat
Output filename is ../../NEW_results/results-355/results/HBTradii_GF_ev355_thermal_grid0.dat
Output filename is ../../NEW_results/results-356/results/HBTradii_GF_ev356_thermal_grid0.dat
Output filename is ../../NEW_results/results-357/results/HBTradii_GF_ev357_thermal_grid0.dat
Output filename is ../../NEW_results/results-358/results/HBTradii_GF_ev358_thermal_grid0.dat
Output filename is ../../NEW_results/results-359/results/HBTradii_GF_ev359_thermal_grid0.dat
Output filename is ../../NEW_results/results-360/results/HBTradii_GF_ev360_thermal_grid0.dat
Output filename is ../../NEW_results/results-361/results/HBTradii_GF_ev361_thermal_grid0.dat
Output filename is ../../NEW_results/results-362/results/HBTradii_GF_ev362_thermal_grid0.dat
Output filename is ../../NEW_results/results-363/results/HBTradii_GF_ev363_thermal_grid0.dat
Output filename is ../../NEW_results/results-364/results/HBTradii_GF_ev364_thermal_grid0.dat
Output filename is ../../NEW_results/results-365/results/HBTradii_GF_ev365_thermal_grid0.dat
Output filename is ../../NEW_results/results-366/results/HBTradii_GF_ev366_thermal_grid0.dat
Output filename is ../../NEW_results/results-367/results/HBTradii_GF_ev367_thermal_grid0.dat
Output filename is ../../NEW_results/results-368/results/HBTradii_GF_ev368_thermal_grid0.dat
Output filename is ../../NEW_results/results-369/results/HBTradii_GF_ev369_thermal_grid0.dat
Output filename is ../../NEW_results/results-370/results/HBTradii_GF_ev370_thermal_grid0.dat
Output filename is ../../NEW_results/results-371/results/HBTradii_GF_ev371_thermal_grid0.dat
Output filename is ../../NEW_results/results-372/results/HBTradii_GF_ev372_thermal_grid0.dat
Output filename is ../../NEW_results/results-373/results/HBTradii_GF_ev373_thermal_grid0.dat
Output filename is ../../NEW_results/results-374/results/HBTradii_GF_ev374_thermal_grid0.dat
Output filename is ../../NEW_results/results-375/results/HBTradii_GF_ev375_thermal_grid0.dat
Output filename is ../../NEW_results/results-376/results/HBTradii_GF_ev376_thermal_grid0.dat
Output filename is ../../NEW_results/results-377/results/HBTradii_GF_ev377_thermal_grid0.dat
Output filename is ../../NEW_results/results-378/results/HBTradii_GF_ev378_thermal_grid0.dat
Output filename is ../../NEW_results/results-379/results/HBTradii_GF_ev379_thermal_grid0.dat
Output filename is ../../NEW_results/results-380/results/HBTradii_GF_ev380_thermal_grid0.dat
Output filename is ../../NEW_results/results-381/results/HBTradii_GF_ev381_thermal_grid0.dat
Output filename is ../../NEW_results/results-382/results/HBTradii_GF_ev382_thermal_grid0.dat
Output filename is ../../NEW_results/results-383/results/HBTradii_GF_ev383_thermal_grid0.dat
Output filename is ../../NEW_results/results-384/results/HBTradii_GF_ev384_thermal_grid0.dat
Output filename is ../../NEW_results/results-385/results/HBTradii_GF_ev385_thermal_grid0.dat
Output filename is ../../NEW_results/results-386/results/HBTradii_GF_ev386_thermal_grid0.dat
Output filename is ../../NEW_results/results-387/results/HBTradii_GF_ev387_thermal_grid0.dat
Output filename is ../../NEW_results/results-388/results/HBTradii_GF_ev388_thermal_grid0.dat
Output filename is ../../NEW_results/results-389/results/HBTradii_GF_ev389_thermal_grid0.dat
Output filename is ../../NEW_results/results-390/results/HBTradii_GF_ev390_thermal_grid0.dat
Output filename is ../../NEW_results/results-391/results/HBTradii_GF_ev391_thermal_grid0.dat
Output filename is ../../NEW_results/results-392/results/HBTradii_GF_ev392_thermal_grid0.dat
Output filename is ../../NEW_results/results-393/results/HBTradii_GF_ev393_thermal_grid0.dat
Output filename is ../../NEW_results/results-394/results/HBTradii_GF_ev394_thermal_grid0.dat
Output filename is ../../NEW_results/results-395/results/HBTradii_GF_ev395_thermal_grid0.dat
Output filename is ../../NEW_results/results-396/results/HBTradii_GF_ev396_thermal_grid0.dat
Output filename is ../../NEW_results/results-397/results/HBTradii_GF_ev397_thermal_grid0.dat
Output filename is ../../NEW_results/results-398/results/HBTradii_GF_ev398_thermal_grid0.dat
Output filename is ../../NEW_results/results-399/results/HBTradii_GF_ev399_thermal_grid0.dat
Output filename is ../../NEW_results/results-400/results/HBTradii_GF_ev400_thermal_grid0.dat
Output filename is ../../NEW_results/results-401/results/HBTradii_GF_ev401_thermal_grid0.dat
Output filename is ../../NEW_results/results-402/results/HBTradii_GF_ev402_thermal_grid0.dat
Output filename is ../../NEW_results/results-403/results/HBTradii_GF_ev403_thermal_grid0.dat
Output filename is ../../NEW_results/results-404/results/HBTradii_GF_ev404_thermal_grid0.dat
Output filename is ../../NEW_results/results-405/results/HBTradii_GF_ev405_thermal_grid0.dat
Output filename is ../../NEW_results/results-406/results/HBTradii_GF_ev406_thermal_grid0.dat
Output filename is ../../NEW_results/results-407/results/HBTradii_GF_ev407_thermal_grid0.dat
Output filename is ../../NEW_results/results-408/results/HBTradii_GF_ev408_thermal_grid0.dat
Output filename is ../../NEW_results/results-409/results/HBTradii_GF_ev409_thermal_grid0.dat
Output filename is ../../NEW_results/results-410/results/HBTradii_GF_ev410_thermal_grid0.dat
Output filename is ../../NEW_results/results-411/results/HBTradii_GF_ev411_thermal_grid0.dat
Output filename is ../../NEW_results/results-412/results/HBTradii_GF_ev412_thermal_grid0.dat
Output filename is ../../NEW_results/results-413/results/HBTradii_GF_ev413_thermal_grid0.dat
Output filename is ../../NEW_results/results-414/results/HBTradii_GF_ev414_thermal_grid0.dat
Output filename is ../../NEW_results/results-415/results/HBTradii_GF_ev415_thermal_grid0.dat
Output filename is ../../NEW_results/results-416/results/HBTradii_GF_ev416_thermal_grid0.dat
Output filename is ../../NEW_results/results-417/results/HBTradii_GF_ev417_thermal_grid0.dat
Output filename is ../../NEW_results/results-418/results/HBTradii_GF_ev418_thermal_grid0.dat
Output filename is ../../NEW_results/results-419/results/HBTradii_GF_ev419_thermal_grid0.dat
Output filename is ../../NEW_results/results-420/results/HBTradii_GF_ev420_thermal_grid0.dat
Output filename is ../../NEW_results/results-421/results/HBTradii_GF_ev421_thermal_grid0.dat
Output filename is ../../NEW_results/results-422/results/HBTradii_GF_ev422_thermal_grid0.dat
Output filename is ../../NEW_results/results-423/results/HBTradii_GF_ev423_thermal_grid0.dat
Output filename is ../../NEW_results/results-424/results/HBTradii_GF_ev424_thermal_grid0.dat
Output filename is ../../NEW_results/results-425/results/HBTradii_GF_ev425_thermal_grid0.dat
Output filename is ../../NEW_results/results-426/results/HBTradii_GF_ev426_thermal_grid0.dat
Output filename is ../../NEW_results/results-427/results/HBTradii_GF_ev427_thermal_grid0.dat
Output filename is ../../NEW_results/results-428/results/HBTradii_GF_ev428_thermal_grid0.dat
Output filename is ../../NEW_results/results-429/results/HBTradii_GF_ev429_thermal_grid0.dat
Output filename is ../../NEW_results/results-430/results/HBTradii_GF_ev430_thermal_grid0.dat
Output filename is ../../NEW_results/results-431/results/HBTradii_GF_ev431_thermal_grid0.dat
Output filename is ../../NEW_results/results-432/results/HBTradii_GF_ev432_thermal_grid0.dat
Output filename is ../../NEW_results/results-433/results/HBTradii_GF_ev433_thermal_grid0.dat
Output filename is ../../NEW_results/results-434/results/HBTradii_GF_ev434_thermal_grid0.dat
Output filename is ../../NEW_results/results-435/results/HBTradii_GF_ev435_thermal_grid0.dat
Output filename is ../../NEW_results/results-436/results/HBTradii_GF_ev436_thermal_grid0.dat
Output filename is ../../NEW_results/results-437/results/HBTradii_GF_ev437_thermal_grid0.dat
Output filename is ../../NEW_results/results-438/results/HBTradii_GF_ev438_thermal_grid0.dat
Output filename is ../../NEW_results/results-439/results/HBTradii_GF_ev439_thermal_grid0.dat
Output filename is ../../NEW_results/results-440/results/HBTradii_GF_ev440_thermal_grid0.dat
Output filename is ../../NEW_results/results-441/results/HBTradii_GF_ev441_thermal_grid0.dat
Output filename is ../../NEW_results/results-442/results/HBTradii_GF_ev442_thermal_grid0.dat
Output filename is ../../NEW_results/results-443/results/HBTradii_GF_ev443_thermal_grid0.dat
Output filename is ../../NEW_results/results-444/results/HBTradii_GF_ev444_thermal_grid0.dat
Output filename is ../../NEW_results/results-445/results/HBTradii_GF_ev445_thermal_grid0.dat
Output filename is ../../NEW_results/results-446/results/HBTradii_GF_ev446_thermal_grid0.dat
Output filename is ../../NEW_results/results-447/results/HBTradii_GF_ev447_thermal_grid0.dat
Output filename is ../../NEW_results/results-448/results/HBTradii_GF_ev448_thermal_grid0.dat
Output filename is ../../NEW_results/results-449/results/HBTradii_GF_ev449_thermal_grid0.dat
Output filename is ../../NEW_results/results-450/results/HBTradii_GF_ev450_thermal_grid0.dat
Output filename is ../../NEW_results/results-451/results/HBTradii_GF_ev451_thermal_grid0.dat
Output filename is ../../NEW_results/results-452/results/HBTradii_GF_ev452_thermal_grid0.dat
Output filename is ../../NEW_results/results-453/results/HBTradii_GF_ev453_thermal_grid0.dat
Output filename is ../../NEW_results/results-454/results/HBTradii_GF_ev454_thermal_grid0.dat
Output filename is ../../NEW_results/results-455/results/HBTradii_GF_ev455_thermal_grid0.dat
Output filename is ../../NEW_results/results-456/results/HBTradii_GF_ev456_thermal_grid0.dat
Output filename is ../../NEW_results/results-457/results/HBTradii_GF_ev457_thermal_grid0.dat
Output filename is ../../NEW_results/results-458/results/HBTradii_GF_ev458_thermal_grid0.dat
Output filename is ../../NEW_results/results-459/results/HBTradii_GF_ev459_thermal_grid0.dat
Output filename is ../../NEW_results/results-460/results/HBTradii_GF_ev460_thermal_grid0.dat
Output filename is ../../NEW_results/results-461/results/HBTradii_GF_ev461_thermal_grid0.dat
Output filename is ../../NEW_results/results-462/results/HBTradii_GF_ev462_thermal_grid0.dat
Output filename is ../../NEW_results/results-463/results/HBTradii_GF_ev463_thermal_grid0.dat
Output filename is ../../NEW_results/results-464/results/HBTradii_GF_ev464_thermal_grid0.dat
Output filename is ../../NEW_results/results-465/results/HBTradii_GF_ev465_thermal_grid0.dat
Output filename is ../../NEW_results/results-466/results/HBTradii_GF_ev466_thermal_grid0.dat
Output filename is ../../NEW_results/results-467/results/HBTradii_GF_ev467_thermal_grid0.dat
Output filename is ../../NEW_results/results-468/results/HBTradii_GF_ev468_thermal_grid0.dat
Output filename is ../../NEW_results/results-469/results/HBTradii_GF_ev469_thermal_grid0.dat
Output filename is ../../NEW_results/results-470/results/HBTradii_GF_ev470_thermal_grid0.dat
Output filename is ../../NEW_results/results-471/results/HBTradii_GF_ev471_thermal_grid0.dat
Output filename is ../../NEW_results/results-472/results/HBTradii_GF_ev472_thermal_grid0.dat
Output filename is ../../NEW_results/results-473/results/HBTradii_GF_ev473_thermal_grid0.dat
Output filename is ../../NEW_results/results-474/results/HBTradii_GF_ev474_thermal_grid0.dat
Output filename is ../../NEW_results/results-475/results/HBTradii_GF_ev475_thermal_grid0.dat
Output filename is ../../NEW_results/results-476/results/HBTradii_GF_ev476_thermal_grid0.dat
Output filename is ../../NEW_results/results-477/results/HBTradii_GF_ev477_thermal_grid0.dat
Output filename is ../../NEW_results/results-478/results/HBTradii_GF_ev478_thermal_grid0.dat
Output filename is ../../NEW_results/results-479/results/HBTradii_GF_ev479_thermal_grid0.dat
Output filename is ../../NEW_results/results-480/results/HBTradii_GF_ev480_thermal_grid0.dat
Output filename is ../../NEW_results/results-481/results/HBTradii_GF_ev481_thermal_grid0.dat
Output filename is ../../NEW_results/results-482/results/HBTradii_GF_ev482_thermal_grid0.dat
Output filename is ../../NEW_results/results-483/results/HBTradii_GF_ev483_thermal_grid0.dat
Output filename is ../../NEW_results/results-484/results/HBTradii_GF_ev484_thermal_grid0.dat
Output filename is ../../NEW_results/results-485/results/HBTradii_GF_ev485_thermal_grid0.dat
Output filename is ../../NEW_results/results-486/results/HBTradii_GF_ev486_thermal_grid0.dat
Output filename is ../../NEW_results/results-487/results/HBTradii_GF_ev487_thermal_grid0.dat
Output filename is ../../NEW_results/results-488/results/HBTradii_GF_ev488_thermal_grid0.dat
Output filename is ../../NEW_results/results-489/results/HBTradii_GF_ev489_thermal_grid0.dat
Output filename is ../../NEW_results/results-490/results/HBTradii_GF_ev490_thermal_grid0.dat
Output filename is ../../NEW_results/results-491/results/HBTradii_GF_ev491_thermal_grid0.dat
Output filename is ../../NEW_results/results-492/results/HBTradii_GF_ev492_thermal_grid0.dat
Output filename is ../../NEW_results/results-493/results/HBTradii_GF_ev493_thermal_grid0.dat
Output filename is ../../NEW_results/results-494/results/HBTradii_GF_ev494_thermal_grid0.dat
Output filename is ../../NEW_results/results-495/results/HBTradii_GF_ev495_thermal_grid0.dat
Output filename is ../../NEW_results/results-496/results/HBTradii_GF_ev496_thermal_grid0.dat
Output filename is ../../NEW_results/results-497/results/HBTradii_GF_ev497_thermal_grid0.dat
Output filename is ../../NEW_results/results-498/results/HBTradii_GF_ev498_thermal_grid0.dat
Output filename is ../../NEW_results/results-499/results/HBTradii_GF_ev499_thermal_grid0.dat
Output filename is ../../NEW_results/results-500/results/HBTradii_GF_ev500_thermal_grid0.dat
Output filename is ../../NEW_results/results-501/results/HBTradii_GF_ev501_thermal_grid0.dat
Output filename is ../../NEW_results/results-502/results/HBTradii_GF_ev502_thermal_grid0.dat
Output filename is ../../NEW_results/results-503/results/HBTradii_GF_ev503_thermal_grid0.dat
Output filename is ../../NEW_results/results-504/results/HBTradii_GF_ev504_thermal_grid0.dat
Output filename is ../../NEW_results/results-505/results/HBTradii_GF_ev505_thermal_grid0.dat
Output filename is ../../NEW_results/results-506/results/HBTradii_GF_ev506_thermal_grid0.dat
Output filename is ../../NEW_results/results-507/results/HBTradii_GF_ev507_thermal_grid0.dat
Output filename is ../../NEW_results/results-508/results/HBTradii_GF_ev508_thermal_grid0.dat
Output filename is ../../NEW_results/results-509/results/HBTradii_GF_ev509_thermal_grid0.dat
Output filename is ../../NEW_results/results-510/results/HBTradii_GF_ev510_thermal_grid0.dat
Output filename is ../../NEW_results/results-511/results/HBTradii_GF_ev511_thermal_grid0.dat
Output filename is ../../NEW_results/results-512/results/HBTradii_GF_ev512_thermal_grid0.dat
Output filename is ../../NEW_results/results-513/results/HBTradii_GF_ev513_thermal_grid0.dat
Output filename is ../../NEW_results/results-514/results/HBTradii_GF_ev514_thermal_grid0.dat
Output filename is ../../NEW_results/results-515/results/HBTradii_GF_ev515_thermal_grid0.dat
Output filename is ../../NEW_results/results-516/results/HBTradii_GF_ev516_thermal_grid0.dat
Output filename is ../../NEW_results/results-517/results/HBTradii_GF_ev517_thermal_grid0.dat
Output filename is ../../NEW_results/results-518/results/HBTradii_GF_ev518_thermal_grid0.dat
Output filename is ../../NEW_results/results-519/results/HBTradii_GF_ev519_thermal_grid0.dat
Output filename is ../../NEW_results/results-520/results/HBTradii_GF_ev520_thermal_grid0.dat
Output filename is ../../NEW_results/results-521/results/HBTradii_GF_ev521_thermal_grid0.dat
Output filename is ../../NEW_results/results-522/results/HBTradii_GF_ev522_thermal_grid0.dat
Output filename is ../../NEW_results/results-523/results/HBTradii_GF_ev523_thermal_grid0.dat
Output filename is ../../NEW_results/results-524/results/HBTradii_GF_ev524_thermal_grid0.dat
Output filename is ../../NEW_results/results-525/results/HBTradii_GF_ev525_thermal_grid0.dat
Output filename is ../../NEW_results/results-526/results/HBTradii_GF_ev526_thermal_grid0.dat
Output filename is ../../NEW_results/results-527/results/HBTradii_GF_ev527_thermal_grid0.dat
Output filename is ../../NEW_results/results-528/results/HBTradii_GF_ev528_thermal_grid0.dat
Output filename is ../../NEW_results/results-529/results/HBTradii_GF_ev529_thermal_grid0.dat
Output filename is ../../NEW_results/results-530/results/HBTradii_GF_ev530_thermal_grid0.dat
Output filename is ../../NEW_results/results-531/results/HBTradii_GF_ev531_thermal_grid0.dat
Output filename is ../../NEW_results/results-532/results/HBTradii_GF_ev532_thermal_grid0.dat
Output filename is ../../NEW_results/results-533/results/HBTradii_GF_ev533_thermal_grid0.dat
Output filename is ../../NEW_results/results-534/results/HBTradii_GF_ev534_thermal_grid0.dat
Output filename is ../../NEW_results/results-535/results/HBTradii_GF_ev535_thermal_grid0.dat
Output filename is ../../NEW_results/results-536/results/HBTradii_GF_ev536_thermal_grid0.dat
Output filename is ../../NEW_results/results-537/results/HBTradii_GF_ev537_thermal_grid0.dat
Output filename is ../../NEW_results/results-538/results/HBTradii_GF_ev538_thermal_grid0.dat
Output filename is ../../NEW_results/results-539/results/HBTradii_GF_ev539_thermal_grid0.dat
Output filename is ../../NEW_results/results-540/results/HBTradii_GF_ev540_thermal_grid0.dat
Output filename is ../../NEW_results/results-541/results/HBTradii_GF_ev541_thermal_grid0.dat
Output filename is ../../NEW_results/results-542/results/HBTradii_GF_ev542_thermal_grid0.dat
Output filename is ../../NEW_results/results-543/results/HBTradii_GF_ev543_thermal_grid0.dat
Output filename is ../../NEW_results/results-544/results/HBTradii_GF_ev544_thermal_grid0.dat
Output filename is ../../NEW_results/results-545/results/HBTradii_GF_ev545_thermal_grid0.dat
Output filename is ../../NEW_results/results-546/results/HBTradii_GF_ev546_thermal_grid0.dat
Output filename is ../../NEW_results/results-547/results/HBTradii_GF_ev547_thermal_grid0.dat
Output filename is ../../NEW_results/results-548/results/HBTradii_GF_ev548_thermal_grid0.dat
Output filename is ../../NEW_results/results-549/results/HBTradii_GF_ev549_thermal_grid0.dat
Output filename is ../../NEW_results/results-550/results/HBTradii_GF_ev550_thermal_grid0.dat
Output filename is ../../NEW_results/results-551/results/HBTradii_GF_ev551_thermal_grid0.dat
Output filename is ../../NEW_results/results-552/results/HBTradii_GF_ev552_thermal_grid0.dat
Output filename is ../../NEW_results/results-553/results/HBTradii_GF_ev553_thermal_grid0.dat
Output filename is ../../NEW_results/results-554/results/HBTradii_GF_ev554_thermal_grid0.dat
Output filename is ../../NEW_results/results-555/results/HBTradii_GF_ev555_thermal_grid0.dat
Output filename is ../../NEW_results/results-556/results/HBTradii_GF_ev556_thermal_grid0.dat
Output filename is ../../NEW_results/results-557/results/HBTradii_GF_ev557_thermal_grid0.dat
Output filename is ../../NEW_results/results-558/results/HBTradii_GF_ev558_thermal_grid0.dat
Output filename is ../../NEW_results/results-559/results/HBTradii_GF_ev559_thermal_grid0.dat
Output filename is ../../NEW_results/results-560/results/HBTradii_GF_ev560_thermal_grid0.dat
Output filename is ../../NEW_results/results-561/results/HBTradii_GF_ev561_thermal_grid0.dat
Output filename is ../../NEW_results/results-562/results/HBTradii_GF_ev562_thermal_grid0.dat
Output filename is ../../NEW_results/results-563/results/HBTradii_GF_ev563_thermal_grid0.dat
Output filename is ../../NEW_results/results-564/results/HBTradii_GF_ev564_thermal_grid0.dat
Output filename is ../../NEW_results/results-565/results/HBTradii_GF_ev565_thermal_grid0.dat
Output filename is ../../NEW_results/results-566/results/HBTradii_GF_ev566_thermal_grid0.dat
Output filename is ../../NEW_results/results-567/results/HBTradii_GF_ev567_thermal_grid0.dat
Output filename is ../../NEW_results/results-568/results/HBTradii_GF_ev568_thermal_grid0.dat
Output filename is ../../NEW_results/results-569/results/HBTradii_GF_ev569_thermal_grid0.dat
Output filename is ../../NEW_results/results-570/results/HBTradii_GF_ev570_thermal_grid0.dat
Output filename is ../../NEW_results/results-571/results/HBTradii_GF_ev571_thermal_grid0.dat
Output filename is ../../NEW_results/results-572/results/HBTradii_GF_ev572_thermal_grid0.dat
Output filename is ../../NEW_results/results-573/results/HBTradii_GF_ev573_thermal_grid0.dat
Output filename is ../../NEW_results/results-574/results/HBTradii_GF_ev574_thermal_grid0.dat
Output filename is ../../NEW_results/results-575/results/HBTradii_GF_ev575_thermal_grid0.dat
Output filename is ../../NEW_results/results-576/results/HBTradii_GF_ev576_thermal_grid0.dat
Output filename is ../../NEW_results/results-577/results/HBTradii_GF_ev577_thermal_grid0.dat
Output filename is ../../NEW_results/results-578/results/HBTradii_GF_ev578_thermal_grid0.dat
Output filename is ../../NEW_results/results-579/results/HBTradii_GF_ev579_thermal_grid0.dat
Output filename is ../../NEW_results/results-580/results/HBTradii_GF_ev580_thermal_grid0.dat
Output filename is ../../NEW_results/results-581/results/HBTradii_GF_ev581_thermal_grid0.dat
Output filename is ../../NEW_results/results-582/results/HBTradii_GF_ev582_thermal_grid0.dat
Output filename is ../../NEW_results/results-583/results/HBTradii_GF_ev583_thermal_grid0.dat
Output filename is ../../NEW_results/results-584/results/HBTradii_GF_ev584_thermal_grid0.dat
Output filename is ../../NEW_results/results-585/results/HBTradii_GF_ev585_thermal_grid0.dat
Output filename is ../../NEW_results/results-586/results/HBTradii_GF_ev586_thermal_grid0.dat
Output filename is ../../NEW_results/results-587/results/HBTradii_GF_ev587_thermal_grid0.dat
Output filename is ../../NEW_results/results-588/results/HBTradii_GF_ev588_thermal_grid0.dat
Output filename is ../../NEW_results/results-589/results/HBTradii_GF_ev589_thermal_grid0.dat
Output filename is ../../NEW_results/results-590/results/HBTradii_GF_ev590_thermal_grid0.dat
Output filename is ../../NEW_results/results-591/results/HBTradii_GF_ev591_thermal_grid0.dat
Output filename is ../../NEW_results/results-592/results/HBTradii_GF_ev592_thermal_grid0.dat
Output filename is ../../NEW_results/results-593/results/HBTradii_GF_ev593_thermal_grid0.dat
Output filename is ../../NEW_results/results-594/results/HBTradii_GF_ev594_thermal_grid0.dat
Output filename is ../../NEW_results/results-595/results/HBTradii_GF_ev595_thermal_grid0.dat
Output filename is ../../NEW_results/results-596/results/HBTradii_GF_ev596_thermal_grid0.dat
Output filename is ../../NEW_results/results-597/results/HBTradii_GF_ev597_thermal_grid0.dat
Output filename is ../../NEW_results/results-598/results/HBTradii_GF_ev598_thermal_grid0.dat
Output filename is ../../NEW_results/results-599/results/HBTradii_GF_ev599_thermal_grid0.dat
Output filename is ../../NEW_results/results-600/results/HBTradii_GF_ev600_thermal_grid0.dat
Output filename is ../../NEW_results/results-601/results/HBTradii_GF_ev601_thermal_grid0.dat
Output filename is ../../NEW_results/results-602/results/HBTradii_GF_ev602_thermal_grid0.dat
Output filename is ../../NEW_results/results-603/results/HBTradii_GF_ev603_thermal_grid0.dat
Output filename is ../../NEW_results/results-604/results/HBTradii_GF_ev604_thermal_grid0.dat
Output filename is ../../NEW_results/results-605/results/HBTradii_GF_ev605_thermal_grid0.dat
Output filename is ../../NEW_results/results-606/results/HBTradii_GF_ev606_thermal_grid0.dat
Output filename is ../../NEW_results/results-607/results/HBTradii_GF_ev607_thermal_grid0.dat
Output filename is ../../NEW_results/results-608/results/HBTradii_GF_ev608_thermal_grid0.dat
Output filename is ../../NEW_results/results-609/results/HBTradii_GF_ev609_thermal_grid0.dat
Output filename is ../../NEW_results/results-610/results/HBTradii_GF_ev610_thermal_grid0.dat
Output filename is ../../NEW_results/results-611/results/HBTradii_GF_ev611_thermal_grid0.dat
Output filename is ../../NEW_results/results-612/results/HBTradii_GF_ev612_thermal_grid0.dat
Output filename is ../../NEW_results/results-613/results/HBTradii_GF_ev613_thermal_grid0.dat
Output filename is ../../NEW_results/results-614/results/HBTradii_GF_ev614_thermal_grid0.dat
Output filename is ../../NEW_results/results-615/results/HBTradii_GF_ev615_thermal_grid0.dat
Output filename is ../../NEW_results/results-616/results/HBTradii_GF_ev616_thermal_grid0.dat
Output filename is ../../NEW_results/results-617/results/HBTradii_GF_ev617_thermal_grid0.dat
Output filename is ../../NEW_results/results-618/results/HBTradii_GF_ev618_thermal_grid0.dat
Output filename is ../../NEW_results/results-619/results/HBTradii_GF_ev619_thermal_grid0.dat
Output filename is ../../NEW_results/results-620/results/HBTradii_GF_ev620_thermal_grid0.dat
Output filename is ../../NEW_results/results-621/results/HBTradii_GF_ev621_thermal_grid0.dat
Output filename is ../../NEW_results/results-622/results/HBTradii_GF_ev622_thermal_grid0.dat
Output filename is ../../NEW_results/results-623/results/HBTradii_GF_ev623_thermal_grid0.dat
Output filename is ../../NEW_results/results-624/results/HBTradii_GF_ev624_thermal_grid0.dat
Output filename is ../../NEW_results/results-625/results/HBTradii_GF_ev625_thermal_grid0.dat
Output filename is ../../NEW_results/results-626/results/HBTradii_GF_ev626_thermal_grid0.dat
Output filename is ../../NEW_results/results-627/results/HBTradii_GF_ev627_thermal_grid0.dat
Output filename is ../../NEW_results/results-628/results/HBTradii_GF_ev628_thermal_grid0.dat
Output filename is ../../NEW_results/results-629/results/HBTradii_GF_ev629_thermal_grid0.dat
Output filename is ../../NEW_results/results-630/results/HBTradii_GF_ev630_thermal_grid0.dat
Output filename is ../../NEW_results/results-631/results/HBTradii_GF_ev631_thermal_grid0.dat
Output filename is ../../NEW_results/results-632/results/HBTradii_GF_ev632_thermal_grid0.dat
Output filename is ../../NEW_results/results-633/results/HBTradii_GF_ev633_thermal_grid0.dat
Output filename is ../../NEW_results/results-634/results/HBTradii_GF_ev634_thermal_grid0.dat
Output filename is ../../NEW_results/results-635/results/HBTradii_GF_ev635_thermal_grid0.dat
Output filename is ../../NEW_results/results-636/results/HBTradii_GF_ev636_thermal_grid0.dat
Output filename is ../../NEW_results/results-637/results/HBTradii_GF_ev637_thermal_grid0.dat
Output filename is ../../NEW_results/results-638/results/HBTradii_GF_ev638_thermal_grid0.dat
Output filename is ../../NEW_results/results-639/results/HBTradii_GF_ev639_thermal_grid0.dat
Output filename is ../../NEW_results/results-640/results/HBTradii_GF_ev640_thermal_grid0.dat
Output filename is ../../NEW_results/results-641/results/HBTradii_GF_ev641_thermal_grid0.dat
Output filename is ../../NEW_results/results-642/results/HBTradii_GF_ev642_thermal_grid0.dat
Output filename is ../../NEW_results/results-643/results/HBTradii_GF_ev643_thermal_grid0.dat
Output filename is ../../NEW_results/results-644/results/HBTradii_GF_ev644_thermal_grid0.dat
Output filename is ../../NEW_results/results-645/results/HBTradii_GF_ev645_thermal_grid0.dat
Output filename is ../../NEW_results/results-646/results/HBTradii_GF_ev646_thermal_grid0.dat
Output filename is ../../NEW_results/results-647/results/HBTradii_GF_ev647_thermal_grid0.dat
Output filename is ../../NEW_results/results-648/results/HBTradii_GF_ev648_thermal_grid0.dat
Output filename is ../../NEW_results/results-649/results/HBTradii_GF_ev649_thermal_grid0.dat
Output filename is ../../NEW_results/results-650/results/HBTradii_GF_ev650_thermal_grid0.dat
Output filename is ../../NEW_results/results-651/results/HBTradii_GF_ev651_thermal_grid0.dat
Output filename is ../../NEW_results/results-652/results/HBTradii_GF_ev652_thermal_grid0.dat
Output filename is ../../NEW_results/results-653/results/HBTradii_GF_ev653_thermal_grid0.dat
Output filename is ../../NEW_results/results-654/results/HBTradii_GF_ev654_thermal_grid0.dat
Output filename is ../../NEW_results/results-655/results/HBTradii_GF_ev655_thermal_grid0.dat
Output filename is ../../NEW_results/results-656/results/HBTradii_GF_ev656_thermal_grid0.dat
Output filename is ../../NEW_results/results-657/results/HBTradii_GF_ev657_thermal_grid0.dat
Output filename is ../../NEW_results/results-658/results/HBTradii_GF_ev658_thermal_grid0.dat
Output filename is ../../NEW_results/results-659/results/HBTradii_GF_ev659_thermal_grid0.dat
Output filename is ../../NEW_results/results-660/results/HBTradii_GF_ev660_thermal_grid0.dat
Output filename is ../../NEW_results/results-661/results/HBTradii_GF_ev661_thermal_grid0.dat
Output filename is ../../NEW_results/results-662/results/HBTradii_GF_ev662_thermal_grid0.dat
Output filename is ../../NEW_results/results-663/results/HBTradii_GF_ev663_thermal_grid0.dat
Output filename is ../../NEW_results/results-664/results/HBTradii_GF_ev664_thermal_grid0.dat
Output filename is ../../NEW_results/results-665/results/HBTradii_GF_ev665_thermal_grid0.dat
Output filename is ../../NEW_results/results-666/results/HBTradii_GF_ev666_thermal_grid0.dat
Output filename is ../../NEW_results/results-667/results/HBTradii_GF_ev667_thermal_grid0.dat
Output filename is ../../NEW_results/results-668/results/HBTradii_GF_ev668_thermal_grid0.dat
Output filename is ../../NEW_results/results-669/results/HBTradii_GF_ev669_thermal_grid0.dat
Output filename is ../../NEW_results/results-670/results/HBTradii_GF_ev670_thermal_grid0.dat
Output filename is ../../NEW_results/results-671/results/HBTradii_GF_ev671_thermal_grid0.dat
Output filename is ../../NEW_results/results-672/results/HBTradii_GF_ev672_thermal_grid0.dat
Output filename is ../../NEW_results/results-673/results/HBTradii_GF_ev673_thermal_grid0.dat
Output filename is ../../NEW_results/results-674/results/HBTradii_GF_ev674_thermal_grid0.dat
Output filename is ../../NEW_results/results-675/results/HBTradii_GF_ev675_thermal_grid0.dat
Output filename is ../../NEW_results/results-676/results/HBTradii_GF_ev676_thermal_grid0.dat
Output filename is ../../NEW_results/results-677/results/HBTradii_GF_ev677_thermal_grid0.dat
Output filename is ../../NEW_results/results-678/results/HBTradii_GF_ev678_thermal_grid0.dat
Output filename is ../../NEW_results/results-679/results/HBTradii_GF_ev679_thermal_grid0.dat
Output filename is ../../NEW_results/results-680/results/HBTradii_GF_ev680_thermal_grid0.dat
Output filename is ../../NEW_results/results-681/results/HBTradii_GF_ev681_thermal_grid0.dat
Output filename is ../../NEW_results/results-682/results/HBTradii_GF_ev682_thermal_grid0.dat
Output filename is ../../NEW_results/results-683/results/HBTradii_GF_ev683_thermal_grid0.dat
Output filename is ../../NEW_results/results-684/results/HBTradii_GF_ev684_thermal_grid0.dat
Output filename is ../../NEW_results/results-685/results/HBTradii_GF_ev685_thermal_grid0.dat
Output filename is ../../NEW_results/results-686/results/HBTradii_GF_ev686_thermal_grid0.dat
Output filename is ../../NEW_results/results-687/results/HBTradii_GF_ev687_thermal_grid0.dat
Output filename is ../../NEW_results/results-688/results/HBTradii_GF_ev688_thermal_grid0.dat
Output filename is ../../NEW_results/results-689/results/HBTradii_GF_ev689_thermal_grid0.dat
Output filename is ../../NEW_results/results-690/results/HBTradii_GF_ev690_thermal_grid0.dat
Output filename is ../../NEW_results/results-691/results/HBTradii_GF_ev691_thermal_grid0.dat
Output filename is ../../NEW_results/results-692/results/HBTradii_GF_ev692_thermal_grid0.dat
Output filename is ../../NEW_results/results-693/results/HBTradii_GF_ev693_thermal_grid0.dat
Output filename is ../../NEW_results/results-694/results/HBTradii_GF_ev694_thermal_grid0.dat
Output filename is ../../NEW_results/results-695/results/HBTradii_GF_ev695_thermal_grid0.dat
Output filename is ../../NEW_results/results-696/results/HBTradii_GF_ev696_thermal_grid0.dat
Output filename is ../../NEW_results/results-697/results/HBTradii_GF_ev697_thermal_grid0.dat
Output filename is ../../NEW_results/results-698/results/HBTradii_GF_ev698_thermal_grid0.dat
Output filename is ../../NEW_results/results-699/results/HBTradii_GF_ev699_thermal_grid0.dat
Output filename is ../../NEW_results/results-700/results/HBTradii_GF_ev700_thermal_grid0.dat
Output filename is ../../NEW_results/results-701/results/HBTradii_GF_ev701_thermal_grid0.dat
Output filename is ../../NEW_results/results-702/results/HBTradii_GF_ev702_thermal_grid0.dat
Output filename is ../../NEW_results/results-703/results/HBTradii_GF_ev703_thermal_grid0.dat
Output filename is ../../NEW_results/results-704/results/HBTradii_GF_ev704_thermal_grid0.dat
Output filename is ../../NEW_results/results-705/results/HBTradii_GF_ev705_thermal_grid0.dat
Output filename is ../../NEW_results/results-706/results/HBTradii_GF_ev706_thermal_grid0.dat
Output filename is ../../NEW_results/results-707/results/HBTradii_GF_ev707_thermal_grid0.dat
Output filename is ../../NEW_results/results-708/results/HBTradii_GF_ev708_thermal_grid0.dat
Output filename is ../../NEW_results/results-709/results/HBTradii_GF_ev709_thermal_grid0.dat
Output filename is ../../NEW_results/results-710/results/HBTradii_GF_ev710_thermal_grid0.dat
Output filename is ../../NEW_results/results-711/results/HBTradii_GF_ev711_thermal_grid0.dat
Output filename is ../../NEW_results/results-712/results/HBTradii_GF_ev712_thermal_grid0.dat
Output filename is ../../NEW_results/results-713/results/HBTradii_GF_ev713_thermal_grid0.dat
Output filename is ../../NEW_results/results-714/results/HBTradii_GF_ev714_thermal_grid0.dat
Output filename is ../../NEW_results/results-715/results/HBTradii_GF_ev715_thermal_grid0.dat
Output filename is ../../NEW_results/results-716/results/HBTradii_GF_ev716_thermal_grid0.dat
Output filename is ../../NEW_results/results-717/results/HBTradii_GF_ev717_thermal_grid0.dat
Output filename is ../../NEW_results/results-718/results/HBTradii_GF_ev718_thermal_grid0.dat
Output filename is ../../NEW_results/results-719/results/HBTradii_GF_ev719_thermal_grid0.dat
Output filename is ../../NEW_results/results-720/results/HBTradii_GF_ev720_thermal_grid0.dat
Output filename is ../../NEW_results/results-721/results/HBTradii_GF_ev721_thermal_grid0.dat
Output filename is ../../NEW_results/results-722/results/HBTradii_GF_ev722_thermal_grid0.dat
Output filename is ../../NEW_results/results-723/results/HBTradii_GF_ev723_thermal_grid0.dat
Output filename is ../../NEW_results/results-724/results/HBTradii_GF_ev724_thermal_grid0.dat
Output filename is ../../NEW_results/results-725/results/HBTradii_GF_ev725_thermal_grid0.dat
Output filename is ../../NEW_results/results-726/results/HBTradii_GF_ev726_thermal_grid0.dat
Output filename is ../../NEW_results/results-727/results/HBTradii_GF_ev727_thermal_grid0.dat
Output filename is ../../NEW_results/results-728/results/HBTradii_GF_ev728_thermal_grid0.dat
Output filename is ../../NEW_results/results-729/results/HBTradii_GF_ev729_thermal_grid0.dat
Output filename is ../../NEW_results/results-730/results/HBTradii_GF_ev730_thermal_grid0.dat
Output filename is ../../NEW_results/results-731/results/HBTradii_GF_ev731_thermal_grid0.dat
Output filename is ../../NEW_results/results-732/results/HBTradii_GF_ev732_thermal_grid0.dat
Output filename is ../../NEW_results/results-733/results/HBTradii_GF_ev733_thermal_grid0.dat
Output filename is ../../NEW_results/results-734/results/HBTradii_GF_ev734_thermal_grid0.dat
Output filename is ../../NEW_results/results-735/results/HBTradii_GF_ev735_thermal_grid0.dat
Output filename is ../../NEW_results/results-736/results/HBTradii_GF_ev736_thermal_grid0.dat
Output filename is ../../NEW_results/results-737/results/HBTradii_GF_ev737_thermal_grid0.dat
Output filename is ../../NEW_results/results-738/results/HBTradii_GF_ev738_thermal_grid0.dat
Output filename is ../../NEW_results/results-739/results/HBTradii_GF_ev739_thermal_grid0.dat
Output filename is ../../NEW_results/results-740/results/HBTradii_GF_ev740_thermal_grid0.dat
Output filename is ../../NEW_results/results-741/results/HBTradii_GF_ev741_thermal_grid0.dat
Output filename is ../../NEW_results/results-742/results/HBTradii_GF_ev742_thermal_grid0.dat
Output filename is ../../NEW_results/results-743/results/HBTradii_GF_ev743_thermal_grid0.dat
Output filename is ../../NEW_results/results-744/results/HBTradii_GF_ev744_thermal_grid0.dat
Output filename is ../../NEW_results/results-745/results/HBTradii_GF_ev745_thermal_grid0.dat
Output filename is ../../NEW_results/results-746/results/HBTradii_GF_ev746_thermal_grid0.dat
Output filename is ../../NEW_results/results-747/results/HBTradii_GF_ev747_thermal_grid0.dat
Output filename is ../../NEW_results/results-748/results/HBTradii_GF_ev748_thermal_grid0.dat
Output filename is ../../NEW_results/results-749/results/HBTradii_GF_ev749_thermal_grid0.dat
Output filename is ../../NEW_results/results-750/results/HBTradii_GF_ev750_thermal_grid0.dat
Output filename is ../../NEW_results/results-751/results/HBTradii_GF_ev751_thermal_grid0.dat
Output filename is ../../NEW_results/results-752/results/HBTradii_GF_ev752_thermal_grid0.dat
Output filename is ../../NEW_results/results-753/results/HBTradii_GF_ev753_thermal_grid0.dat
Output filename is ../../NEW_results/results-754/results/HBTradii_GF_ev754_thermal_grid0.dat
Output filename is ../../NEW_results/results-755/results/HBTradii_GF_ev755_thermal_grid0.dat
Output filename is ../../NEW_results/results-756/results/HBTradii_GF_ev756_thermal_grid0.dat
Output filename is ../../NEW_results/results-757/results/HBTradii_GF_ev757_thermal_grid0.dat
Output filename is ../../NEW_results/results-758/results/HBTradii_GF_ev758_thermal_grid0.dat
Output filename is ../../NEW_results/results-759/results/HBTradii_GF_ev759_thermal_grid0.dat
Output filename is ../../NEW_results/results-760/results/HBTradii_GF_ev760_thermal_grid0.dat
Output filename is ../../NEW_results/results-761/results/HBTradii_GF_ev761_thermal_grid0.dat
Output filename is ../../NEW_results/results-762/results/HBTradii_GF_ev762_thermal_grid0.dat
Output filename is ../../NEW_results/results-763/results/HBTradii_GF_ev763_thermal_grid0.dat
Output filename is ../../NEW_results/results-764/results/HBTradii_GF_ev764_thermal_grid0.dat
Output filename is ../../NEW_results/results-765/results/HBTradii_GF_ev765_thermal_grid0.dat
Output filename is ../../NEW_results/results-766/results/HBTradii_GF_ev766_thermal_grid0.dat
Output filename is ../../NEW_results/results-767/results/HBTradii_GF_ev767_thermal_grid0.dat
Output filename is ../../NEW_results/results-768/results/HBTradii_GF_ev768_thermal_grid0.dat
Output filename is ../../NEW_results/results-769/results/HBTradii_GF_ev769_thermal_grid0.dat
Output filename is ../../NEW_results/results-770/results/HBTradii_GF_ev770_thermal_grid0.dat
Output filename is ../../NEW_results/results-771/results/HBTradii_GF_ev771_thermal_grid0.dat
Output filename is ../../NEW_results/results-772/results/HBTradii_GF_ev772_thermal_grid0.dat
Output filename is ../../NEW_results/results-773/results/HBTradii_GF_ev773_thermal_grid0.dat
Output filename is ../../NEW_results/results-774/results/HBTradii_GF_ev774_thermal_grid0.dat
Output filename is ../../NEW_results/results-775/results/HBTradii_GF_ev775_thermal_grid0.dat
Output filename is ../../NEW_results/results-776/results/HBTradii_GF_ev776_thermal_grid0.dat
Output filename is ../../NEW_results/results-777/results/HBTradii_GF_ev777_thermal_grid0.dat
Output filename is ../../NEW_results/results-778/results/HBTradii_GF_ev778_thermal_grid0.dat
Output filename is ../../NEW_results/results-779/results/HBTradii_GF_ev779_thermal_grid0.dat
Output filename is ../../NEW_results/results-780/results/HBTradii_GF_ev780_thermal_grid0.dat
Output filename is ../../NEW_results/results-781/results/HBTradii_GF_ev781_thermal_grid0.dat
Output filename is ../../NEW_results/results-782/results/HBTradii_GF_ev782_thermal_grid0.dat
Output filename is ../../NEW_results/results-783/results/HBTradii_GF_ev783_thermal_grid0.dat
Output filename is ../../NEW_results/results-784/results/HBTradii_GF_ev784_thermal_grid0.dat
Output filename is ../../NEW_results/results-785/results/HBTradii_GF_ev785_thermal_grid0.dat
Output filename is ../../NEW_results/results-786/results/HBTradii_GF_ev786_thermal_grid0.dat
Output filename is ../../NEW_results/results-787/results/HBTradii_GF_ev787_thermal_grid0.dat
Output filename is ../../NEW_results/results-788/results/HBTradii_GF_ev788_thermal_grid0.dat
Output filename is ../../NEW_results/results-789/results/HBTradii_GF_ev789_thermal_grid0.dat
Output filename is ../../NEW_results/results-790/results/HBTradii_GF_ev790_thermal_grid0.dat
Output filename is ../../NEW_results/results-791/results/HBTradii_GF_ev791_thermal_grid0.dat
Output filename is ../../NEW_results/results-792/results/HBTradii_GF_ev792_thermal_grid0.dat
Output filename is ../../NEW_results/results-793/results/HBTradii_GF_ev793_thermal_grid0.dat
Output filename is ../../NEW_results/results-794/results/HBTradii_GF_ev794_thermal_grid0.dat
Output filename is ../../NEW_results/results-795/results/HBTradii_GF_ev795_thermal_grid0.dat
Output filename is ../../NEW_results/results-796/results/HBTradii_GF_ev796_thermal_grid0.dat
Output filename is ../../NEW_results/results-797/results/HBTradii_GF_ev797_thermal_grid0.dat
Output filename is ../../NEW_results/results-798/results/HBTradii_GF_ev798_thermal_grid0.dat
Output filename is ../../NEW_results/results-799/results/HBTradii_GF_ev799_thermal_grid0.dat
Output filename is ../../NEW_results/results-800/results/HBTradii_GF_ev800_thermal_grid0.dat
Output filename is ../../NEW_results/results-801/results/HBTradii_GF_ev801_thermal_grid0.dat
Output filename is ../../NEW_results/results-802/results/HBTradii_GF_ev802_thermal_grid0.dat
Output filename is ../../NEW_results/results-803/results/HBTradii_GF_ev803_thermal_grid0.dat
Output filename is ../../NEW_results/results-804/results/HBTradii_GF_ev804_thermal_grid0.dat
Output filename is ../../NEW_results/results-805/results/HBTradii_GF_ev805_thermal_grid0.dat
Output filename is ../../NEW_results/results-806/results/HBTradii_GF_ev806_thermal_grid0.dat
Output filename is ../../NEW_results/results-807/results/HBTradii_GF_ev807_thermal_grid0.dat
Output filename is ../../NEW_results/results-808/results/HBTradii_GF_ev808_thermal_grid0.dat
Output filename is ../../NEW_results/results-809/results/HBTradii_GF_ev809_thermal_grid0.dat
Output filename is ../../NEW_results/results-810/results/HBTradii_GF_ev810_thermal_grid0.dat
Output filename is ../../NEW_results/results-811/results/HBTradii_GF_ev811_thermal_grid0.dat
Output filename is ../../NEW_results/results-812/results/HBTradii_GF_ev812_thermal_grid0.dat
Output filename is ../../NEW_results/results-813/results/HBTradii_GF_ev813_thermal_grid0.dat
Output filename is ../../NEW_results/results-814/results/HBTradii_GF_ev814_thermal_grid0.dat
Output filename is ../../NEW_results/results-815/results/HBTradii_GF_ev815_thermal_grid0.dat
Output filename is ../../NEW_results/results-816/results/HBTradii_GF_ev816_thermal_grid0.dat
Output filename is ../../NEW_results/results-817/results/HBTradii_GF_ev817_thermal_grid0.dat
Output filename is ../../NEW_results/results-818/results/HBTradii_GF_ev818_thermal_grid0.dat
Output filename is ../../NEW_results/results-819/results/HBTradii_GF_ev819_thermal_grid0.dat
Output filename is ../../NEW_results/results-820/results/HBTradii_GF_ev820_thermal_grid0.dat
Output filename is ../../NEW_results/results-821/results/HBTradii_GF_ev821_thermal_grid0.dat
Output filename is ../../NEW_results/results-822/results/HBTradii_GF_ev822_thermal_grid0.dat
Output filename is ../../NEW_results/results-823/results/HBTradii_GF_ev823_thermal_grid0.dat
Output filename is ../../NEW_results/results-824/results/HBTradii_GF_ev824_thermal_grid0.dat
Output filename is ../../NEW_results/results-825/results/HBTradii_GF_ev825_thermal_grid0.dat
Output filename is ../../NEW_results/results-826/results/HBTradii_GF_ev826_thermal_grid0.dat
Output filename is ../../NEW_results/results-827/results/HBTradii_GF_ev827_thermal_grid0.dat
Output filename is ../../NEW_results/results-828/results/HBTradii_GF_ev828_thermal_grid0.dat
Output filename is ../../NEW_results/results-829/results/HBTradii_GF_ev829_thermal_grid0.dat
Output filename is ../../NEW_results/results-830/results/HBTradii_GF_ev830_thermal_grid0.dat
Output filename is ../../NEW_results/results-831/results/HBTradii_GF_ev831_thermal_grid0.dat
Output filename is ../../NEW_results/results-832/results/HBTradii_GF_ev832_thermal_grid0.dat
Output filename is ../../NEW_results/results-833/results/HBTradii_GF_ev833_thermal_grid0.dat
Output filename is ../../NEW_results/results-834/results/HBTradii_GF_ev834_thermal_grid0.dat
Output filename is ../../NEW_results/results-835/results/HBTradii_GF_ev835_thermal_grid0.dat
Output filename is ../../NEW_results/results-836/results/HBTradii_GF_ev836_thermal_grid0.dat
Output filename is ../../NEW_results/results-837/results/HBTradii_GF_ev837_thermal_grid0.dat
Output filename is ../../NEW_results/results-838/results/HBTradii_GF_ev838_thermal_grid0.dat
Output filename is ../../NEW_results/results-839/results/HBTradii_GF_ev839_thermal_grid0.dat
Output filename is ../../NEW_results/results-840/results/HBTradii_GF_ev840_thermal_grid0.dat
Output filename is ../../NEW_results/results-841/results/HBTradii_GF_ev841_thermal_grid0.dat
Output filename is ../../NEW_results/results-842/results/HBTradii_GF_ev842_thermal_grid0.dat
Output filename is ../../NEW_results/results-843/results/HBTradii_GF_ev843_thermal_grid0.dat
Output filename is ../../NEW_results/results-844/results/HBTradii_GF_ev844_thermal_grid0.dat
Output filename is ../../NEW_results/results-845/results/HBTradii_GF_ev845_thermal_grid0.dat
Output filename is ../../NEW_results/results-846/results/HBTradii_GF_ev846_thermal_grid0.dat
Output filename is ../../NEW_results/results-847/results/HBTradii_GF_ev847_thermal_grid0.dat
Output filename is ../../NEW_results/results-848/results/HBTradii_GF_ev848_thermal_grid0.dat
Output filename is ../../NEW_results/results-849/results/HBTradii_GF_ev849_thermal_grid0.dat
Output filename is ../../NEW_results/results-850/results/HBTradii_GF_ev850_thermal_grid0.dat
Output filename is ../../NEW_results/results-851/results/HBTradii_GF_ev851_thermal_grid0.dat
Output filename is ../../NEW_results/results-852/results/HBTradii_GF_ev852_thermal_grid0.dat
Output filename is ../../NEW_results/results-853/results/HBTradii_GF_ev853_thermal_grid0.dat
Output filename is ../../NEW_results/results-854/results/HBTradii_GF_ev854_thermal_grid0.dat
Output filename is ../../NEW_results/results-855/results/HBTradii_GF_ev855_thermal_grid0.dat
Output filename is ../../NEW_results/results-856/results/HBTradii_GF_ev856_thermal_grid0.dat
Output filename is ../../NEW_results/results-857/results/HBTradii_GF_ev857_thermal_grid0.dat
Output filename is ../../NEW_results/results-858/results/HBTradii_GF_ev858_thermal_grid0.dat
Output filename is ../../NEW_results/results-859/results/HBTradii_GF_ev859_thermal_grid0.dat
Output filename is ../../NEW_results/results-860/results/HBTradii_GF_ev860_thermal_grid0.dat
Output filename is ../../NEW_results/results-861/results/HBTradii_GF_ev861_thermal_grid0.dat
Output filename is ../../NEW_results/results-862/results/HBTradii_GF_ev862_thermal_grid0.dat
Output filename is ../../NEW_results/results-863/results/HBTradii_GF_ev863_thermal_grid0.dat
Output filename is ../../NEW_results/results-864/results/HBTradii_GF_ev864_thermal_grid0.dat
Output filename is ../../NEW_results/results-865/results/HBTradii_GF_ev865_thermal_grid0.dat
Output filename is ../../NEW_results/results-866/results/HBTradii_GF_ev866_thermal_grid0.dat
Output filename is ../../NEW_results/results-867/results/HBTradii_GF_ev867_thermal_grid0.dat
Output filename is ../../NEW_results/results-868/results/HBTradii_GF_ev868_thermal_grid0.dat
Output filename is ../../NEW_results/results-869/results/HBTradii_GF_ev869_thermal_grid0.dat
Output filename is ../../NEW_results/results-870/results/HBTradii_GF_ev870_thermal_grid0.dat
Output filename is ../../NEW_results/results-871/results/HBTradii_GF_ev871_thermal_grid0.dat
Output filename is ../../NEW_results/results-872/results/HBTradii_GF_ev872_thermal_grid0.dat
Output filename is ../../NEW_results/results-873/results/HBTradii_GF_ev873_thermal_grid0.dat
Output filename is ../../NEW_results/results-874/results/HBTradii_GF_ev874_thermal_grid0.dat
Output filename is ../../NEW_results/results-875/results/HBTradii_GF_ev875_thermal_grid0.dat
Output filename is ../../NEW_results/results-876/results/HBTradii_GF_ev876_thermal_grid0.dat
Output filename is ../../NEW_results/results-877/results/HBTradii_GF_ev877_thermal_grid0.dat
Output filename is ../../NEW_results/results-878/results/HBTradii_GF_ev878_thermal_grid0.dat
Output filename is ../../NEW_results/results-879/results/HBTradii_GF_ev879_thermal_grid0.dat
Output filename is ../../NEW_results/results-880/results/HBTradii_GF_ev880_thermal_grid0.dat
Output filename is ../../NEW_results/results-881/results/HBTradii_GF_ev881_thermal_grid0.dat
Output filename is ../../NEW_results/results-882/results/HBTradii_GF_ev882_thermal_grid0.dat
Output filename is ../../NEW_results/results-883/results/HBTradii_GF_ev883_thermal_grid0.dat
Output filename is ../../NEW_results/results-884/results/HBTradii_GF_ev884_thermal_grid0.dat
Output filename is ../../NEW_results/results-885/results/HBTradii_GF_ev885_thermal_grid0.dat
Output filename is ../../NEW_results/results-886/results/HBTradii_GF_ev886_thermal_grid0.dat
Output filename is ../../NEW_results/results-887/results/HBTradii_GF_ev887_thermal_grid0.dat
Output filename is ../../NEW_results/results-888/results/HBTradii_GF_ev888_thermal_grid0.dat
Output filename is ../../NEW_results/results-889/results/HBTradii_GF_ev889_thermal_grid0.dat
Output filename is ../../NEW_results/results-890/results/HBTradii_GF_ev890_thermal_grid0.dat
Output filename is ../../NEW_results/results-891/results/HBTradii_GF_ev891_thermal_grid0.dat
Output filename is ../../NEW_results/results-892/results/HBTradii_GF_ev892_thermal_grid0.dat
Output filename is ../../NEW_results/results-893/results/HBTradii_GF_ev893_thermal_grid0.dat
Output filename is ../../NEW_results/results-894/results/HBTradii_GF_ev894_thermal_grid0.dat
Output filename is ../../NEW_results/results-895/results/HBTradii_GF_ev895_thermal_grid0.dat
Output filename is ../../NEW_results/results-896/results/HBTradii_GF_ev896_thermal_grid0.dat
Output filename is ../../NEW_results/results-897/results/HBTradii_GF_ev897_thermal_grid0.dat
Output filename is ../../NEW_results/results-898/results/HBTradii_GF_ev898_thermal_grid0.dat
Output filename is ../../NEW_results/results-899/results/HBTradii_GF_ev899_thermal_grid0.dat
Output filename is ../../NEW_results/results-900/results/HBTradii_GF_ev900_thermal_grid0.dat
Output filename is ../../NEW_results/results-901/results/HBTradii_GF_ev901_thermal_grid0.dat
Output filename is ../../NEW_results/results-902/results/HBTradii_GF_ev902_thermal_grid0.dat
Output filename is ../../NEW_results/results-903/results/HBTradii_GF_ev903_thermal_grid0.dat
Output filename is ../../NEW_results/results-904/results/HBTradii_GF_ev904_thermal_grid0.dat
Output filename is ../../NEW_results/results-905/results/HBTradii_GF_ev905_thermal_grid0.dat
Output filename is ../../NEW_results/results-906/results/HBTradii_GF_ev906_thermal_grid0.dat
Output filename is ../../NEW_results/results-907/results/HBTradii_GF_ev907_thermal_grid0.dat
Output filename is ../../NEW_results/results-908/results/HBTradii_GF_ev908_thermal_grid0.dat
Output filename is ../../NEW_results/results-909/results/HBTradii_GF_ev909_thermal_grid0.dat
Output filename is ../../NEW_results/results-910/results/HBTradii_GF_ev910_thermal_grid0.dat
Output filename is ../../NEW_results/results-911/results/HBTradii_GF_ev911_thermal_grid0.dat
Output filename is ../../NEW_results/results-912/results/HBTradii_GF_ev912_thermal_grid0.dat
Output filename is ../../NEW_results/results-913/results/HBTradii_GF_ev913_thermal_grid0.dat
Output filename is ../../NEW_results/results-914/results/HBTradii_GF_ev914_thermal_grid0.dat
Output filename is ../../NEW_results/results-915/results/HBTradii_GF_ev915_thermal_grid0.dat
Output filename is ../../NEW_results/results-916/results/HBTradii_GF_ev916_thermal_grid0.dat
Output filename is ../../NEW_results/results-917/results/HBTradii_GF_ev917_thermal_grid0.dat
Output filename is ../../NEW_results/results-918/results/HBTradii_GF_ev918_thermal_grid0.dat
Output filename is ../../NEW_results/results-919/results/HBTradii_GF_ev919_thermal_grid0.dat
Output filename is ../../NEW_results/results-920/results/HBTradii_GF_ev920_thermal_grid0.dat
Output filename is ../../NEW_results/results-921/results/HBTradii_GF_ev921_thermal_grid0.dat
Output filename is ../../NEW_results/results-922/results/HBTradii_GF_ev922_thermal_grid0.dat
Output filename is ../../NEW_results/results-923/results/HBTradii_GF_ev923_thermal_grid0.dat
Output filename is ../../NEW_results/results-924/results/HBTradii_GF_ev924_thermal_grid0.dat
Output filename is ../../NEW_results/results-925/results/HBTradii_GF_ev925_thermal_grid0.dat
Output filename is ../../NEW_results/results-926/results/HBTradii_GF_ev926_thermal_grid0.dat
Output filename is ../../NEW_results/results-927/results/HBTradii_GF_ev927_thermal_grid0.dat
Output filename is ../../NEW_results/results-928/results/HBTradii_GF_ev928_thermal_grid0.dat
Output filename is ../../NEW_results/results-929/results/HBTradii_GF_ev929_thermal_grid0.dat
Output filename is ../../NEW_results/results-930/results/HBTradii_GF_ev930_thermal_grid0.dat
Output filename is ../../NEW_results/results-931/results/HBTradii_GF_ev931_thermal_grid0.dat
Output filename is ../../NEW_results/results-932/results/HBTradii_GF_ev932_thermal_grid0.dat
Output filename is ../../NEW_results/results-933/results/HBTradii_GF_ev933_thermal_grid0.dat
Output filename is ../../NEW_results/results-934/results/HBTradii_GF_ev934_thermal_grid0.dat
Output filename is ../../NEW_results/results-935/results/HBTradii_GF_ev935_thermal_grid0.dat
Output filename is ../../NEW_results/results-936/results/HBTradii_GF_ev936_thermal_grid0.dat
Output filename is ../../NEW_results/results-937/results/HBTradii_GF_ev937_thermal_grid0.dat
Output filename is ../../NEW_results/results-938/results/HBTradii_GF_ev938_thermal_grid0.dat
Output filename is ../../NEW_results/results-939/results/HBTradii_GF_ev939_thermal_grid0.dat
Output filename is ../../NEW_results/results-940/results/HBTradii_GF_ev940_thermal_grid0.dat
Output filename is ../../NEW_results/results-941/results/HBTradii_GF_ev941_thermal_grid0.dat
Output filename is ../../NEW_results/results-942/results/HBTradii_GF_ev942_thermal_grid0.dat
Output filename is ../../NEW_results/results-943/results/HBTradii_GF_ev943_thermal_grid0.dat
Output filename is ../../NEW_results/results-944/results/HBTradii_GF_ev944_thermal_grid0.dat
Output filename is ../../NEW_results/results-945/results/HBTradii_GF_ev945_thermal_grid0.dat
Output filename is ../../NEW_results/results-946/results/HBTradii_GF_ev946_thermal_grid0.dat
Output filename is ../../NEW_results/results-947/results/HBTradii_GF_ev947_thermal_grid0.dat
Output filename is ../../NEW_results/results-948/results/HBTradii_GF_ev948_thermal_grid0.dat
Output filename is ../../NEW_results/results-949/results/HBTradii_GF_ev949_thermal_grid0.dat
Output filename is ../../NEW_results/results-950/results/HBTradii_GF_ev950_thermal_grid0.dat
Output filename is ../../NEW_results/results-951/results/HBTradii_GF_ev951_thermal_grid0.dat
Output filename is ../../NEW_results/results-952/results/HBTradii_GF_ev952_thermal_grid0.dat
Output filename is ../../NEW_results/results-953/results/HBTradii_GF_ev953_thermal_grid0.dat
Output filename is ../../NEW_results/results-954/results/HBTradii_GF_ev954_thermal_grid0.dat
Output filename is ../../NEW_results/results-955/results/HBTradii_GF_ev955_thermal_grid0.dat
Output filename is ../../NEW_results/results-956/results/HBTradii_GF_ev956_thermal_grid0.dat
Output filename is ../../NEW_results/results-957/results/HBTradii_GF_ev957_thermal_grid0.dat
Output filename is ../../NEW_results/results-958/results/HBTradii_GF_ev958_thermal_grid0.dat
Output filename is ../../NEW_results/results-959/results/HBTradii_GF_ev959_thermal_grid0.dat
Output filename is ../../NEW_results/results-960/results/HBTradii_GF_ev960_thermal_grid0.dat
Output filename is ../../NEW_results/results-961/results/HBTradii_GF_ev961_thermal_grid0.dat
Output filename is ../../NEW_results/results-962/results/HBTradii_GF_ev962_thermal_grid0.dat
Output filename is ../../NEW_results/results-963/results/HBTradii_GF_ev963_thermal_grid0.dat
Output filename is ../../NEW_results/results-964/results/HBTradii_GF_ev964_thermal_grid0.dat
Output filename is ../../NEW_results/results-965/results/HBTradii_GF_ev965_thermal_grid0.dat
Output filename is ../../NEW_results/results-966/results/HBTradii_GF_ev966_thermal_grid0.dat
Output filename is ../../NEW_results/results-967/results/HBTradii_GF_ev967_thermal_grid0.dat
Output filename is ../../NEW_results/results-968/results/HBTradii_GF_ev968_thermal_grid0.dat
Output filename is ../../NEW_results/results-969/results/HBTradii_GF_ev969_thermal_grid0.dat
Output filename is ../../NEW_results/results-970/results/HBTradii_GF_ev970_thermal_grid0.dat
Output filename is ../../NEW_results/results-971/results/HBTradii_GF_ev971_thermal_grid0.dat
Output filename is ../../NEW_results/results-972/results/HBTradii_GF_ev972_thermal_grid0.dat
Output filename is ../../NEW_results/results-973/results/HBTradii_GF_ev973_thermal_grid0.dat
Output filename is ../../NEW_results/results-974/results/HBTradii_GF_ev974_thermal_grid0.dat
Output filename is ../../NEW_results/results-975/results/HBTradii_GF_ev975_thermal_grid0.dat
Output filename is ../../NEW_results/results-976/results/HBTradii_GF_ev976_thermal_grid0.dat
Output filename is ../../NEW_results/results-977/results/HBTradii_GF_ev977_thermal_grid0.dat
Output filename is ../../NEW_results/results-978/results/HBTradii_GF_ev978_thermal_grid0.dat
Output filename is ../../NEW_results/results-979/results/HBTradii_GF_ev979_thermal_grid0.dat
Output filename is ../../NEW_results/results-980/results/HBTradii_GF_ev980_thermal_grid0.dat
Output filename is ../../NEW_results/results-981/results/HBTradii_GF_ev981_thermal_grid0.dat
Output filename is ../../NEW_results/results-982/results/HBTradii_GF_ev982_thermal_grid0.dat
Output filename is ../../NEW_results/results-983/results/HBTradii_GF_ev983_thermal_grid0.dat
Output filename is ../../NEW_results/results-984/results/HBTradii_GF_ev984_thermal_grid0.dat
Output filename is ../../NEW_results/results-985/results/HBTradii_GF_ev985_thermal_grid0.dat
Output filename is ../../NEW_results/results-986/results/HBTradii_GF_ev986_thermal_grid0.dat
Output filename is ../../NEW_results/results-987/results/HBTradii_GF_ev987_thermal_grid0.dat
Output filename is ../../NEW_results/results-988/results/HBTradii_GF_ev988_thermal_grid0.dat
Output filename is ../../NEW_results/results-989/results/HBTradii_GF_ev989_thermal_grid0.dat
Output filename is ../../NEW_results/results-990/results/HBTradii_GF_ev990_thermal_grid0.dat
Output filename is ../../NEW_results/results-991/results/HBTradii_GF_ev991_thermal_grid0.dat
Output filename is ../../NEW_results/results-992/results/HBTradii_GF_ev992_thermal_grid0.dat
Output filename is ../../NEW_results/results-993/results/HBTradii_GF_ev993_thermal_grid0.dat
Output filename is ../../NEW_results/results-994/results/HBTradii_GF_ev994_thermal_grid0.dat
Output filename is ../../NEW_results/results-995/results/HBTradii_GF_ev995_thermal_grid0.dat
Output filename is ../../NEW_results/results-996/results/HBTradii_GF_ev996_thermal_grid0.dat
Output filename is ../../NEW_results/results-997/results/HBTradii_GF_ev997_thermal_grid0.dat
Output filename is ../../NEW_results/results-998/results/HBTradii_GF_ev998_thermal_grid0.dat
Output filename is ../../NEW_results/results-999/results/HBTradii_GF_ev999_thermal_grid0.dat
Output filename is ../../NEW_results/results-1000/results/HBTradii_GF_ev1000_thermal_grid0.dat
