0.00717852   0.2   -0.06   0   0   1.13365
0.2   0.4   -0.06   0   0   1.08262
0.4   0.6   -0.06   0   0   1.11216
0.6   0.8   -0.06   0   0   1.15014
0.00717852   0.2   -0.05   0   0   1.25143
0.2   0.4   -0.05   0   0   1.18274
0.4   0.6   -0.05   0   0   1.22569
0.6   0.8   -0.05   0   0   1.27692
0.00717852   0.2   -0.04   0   0   1.42017
0.2   0.4   -0.04   0   0   1.34773
0.4   0.6   -0.04   0   0   1.39696
0.6   0.8   -0.04   0   0   1.45531
0.00717852   0.2   -0.03   0   0   1.61673
0.2   0.4   -0.03   0   0   1.56193
0.4   0.6   -0.03   0   0   1.60744
0.6   0.8   -0.03   0   0   1.66285
0.00717852   0.2   -0.02   0   0   1.80896
0.2   0.4   -0.02   0   0   1.7854
0.4   0.6   -0.02   0   0   1.81893
0.6   0.8   -0.02   0   0   1.86309
0.00717852   0.2   -0.01   0   0   1.94016
0.2   0.4   -0.01   0   0   1.9426
0.4   0.6   -0.01   0   0   1.96527
0.6   0.8   -0.01   0   0   1.99853
0.00717852   0.2   0   0   0   1.98529
0.2   0.4   0   0   0   1.99694
0.4   0.6   0   0   0   2.01544
0.6   0.8   0   0   0   2.04453
0.00717852   0.2   0.01   0   0   1.94016
0.2   0.4   0.01   0   0   1.9426
0.4   0.6   0.01   0   0   1.96527
0.6   0.8   0.01   0   0   1.99853
0.00717852   0.2   0.02   0   0   1.80896
0.2   0.4   0.02   0   0   1.7854
0.4   0.6   0.02   0   0   1.81893
0.6   0.8   0.02   0   0   1.86309
0.00717852   0.2   0.03   0   0   1.61673
0.2   0.4   0.03   0   0   1.56193
0.4   0.6   0.03   0   0   1.60744
0.6   0.8   0.03   0   0   1.66285
0.00717852   0.2   0.04   0   0   1.42017
0.2   0.4   0.04   0   0   1.34773
0.4   0.6   0.04   0   0   1.39696
0.6   0.8   0.04   0   0   1.45531
0.00717852   0.2   0.05   0   0   1.25143
0.2   0.4   0.05   0   0   1.18274
0.4   0.6   0.05   0   0   1.22569
0.6   0.8   0.05   0   0   1.27692
0.00717852   0.2   0.06   0   0   1.13365
0.2   0.4   0.06   0   0   1.08262
0.4   0.6   0.06   0   0   1.11216
0.6   0.8   0.06   0   0   1.15014
0.00717852   0.2   0   -0.06   0   1.404
0.2   0.4   0   -0.06   0   1.42732
0.4   0.6   0   -0.06   0   1.46379
0.6   0.8   0   -0.06   0   1.50409
0.00717852   0.2   0   -0.05   0   1.53282
0.2   0.4   0   -0.05   0   1.55353
0.4   0.6   0   -0.05   0   1.58865
0.6   0.8   0   -0.05   0   1.62892
0.00717852   0.2   0   -0.04   0   1.66406
0.2   0.4   0   -0.04   0   1.68051
0.4   0.6   0   -0.04   0   1.71258
0.6   0.8   0   -0.04   0   1.75137
0.00717852   0.2   0   -0.03   0   1.7852
0.2   0.4   0   -0.03   0   1.7975
0.4   0.6   0   -0.03   0   1.82567
0.6   0.8   0   -0.03   0   1.86211
0.00717852   0.2   0   -0.02   0   1.8843
0.2   0.4   0   -0.02   0   1.89296
0.4   0.6   0   -0.02   0   1.9172
0.6   0.8   0   -0.02   0   1.95104
0.00717852   0.2   0   -0.01   0   1.95684
0.2   0.4   0   -0.01   0   1.96668
0.4   0.6   0   -0.01   0   1.98704
0.6   0.8   0   -0.01   0   2.01776
0.00717852   0.2   0   0   0   1.98529
0.2   0.4   0   0   0   1.99694
0.4   0.6   0   0   0   2.01544
0.6   0.8   0   0   0   2.04453
0.00717852   0.2   0   0.01   0   1.95684
0.2   0.4   0   0.01   0   1.96668
0.4   0.6   0   0.01   0   1.98704
0.6   0.8   0   0.01   0   2.01776
0.00717852   0.2   0   0.02   0   1.8843
0.2   0.4   0   0.02   0   1.89296
0.4   0.6   0   0.02   0   1.9172
0.6   0.8   0   0.02   0   1.95104
0.00717852   0.2   0   0.03   0   1.7852
0.2   0.4   0   0.03   0   1.7975
0.4   0.6   0   0.03   0   1.82567
0.6   0.8   0   0.03   0   1.86211
0.00717852   0.2   0   0.04   0   1.66406
0.2   0.4   0   0.04   0   1.68051
0.4   0.6   0   0.04   0   1.71258
0.6   0.8   0   0.04   0   1.75137
0.00717852   0.2   0   0.05   0   1.53282
0.2   0.4   0   0.05   0   1.55353
0.4   0.6   0   0.05   0   1.58865
0.6   0.8   0   0.05   0   1.62892
0.00717852   0.2   0   0.06   0   1.404
0.2   0.4   0   0.06   0   1.42732
0.4   0.6   0   0.06   0   1.46379
0.6   0.8   0   0.06   0   1.50409
0.00717852   0.2   0   0   -0.06   1.03464
0.2   0.4   0   0   -0.06   1.11141
0.4   0.6   0   0   -0.06   1.23773
0.6   0.8   0   0   -0.06   1.37148
0.00717852   0.2   0   0   -0.05   1.06675
0.2   0.4   0   0   -0.05   1.18128
0.4   0.6   0   0   -0.05   1.34152
0.6   0.8   0   0   -0.05   1.48866
0.00717852   0.2   0   0   -0.04   1.12372
0.2   0.4   0   0   -0.04   1.28255
0.4   0.6   0   0   -0.04   1.47038
0.6   0.8   0   0   -0.04   1.61987
0.00717852   0.2   0   0   -0.03   1.2546
0.2   0.4   0   0   -0.03   1.455
0.4   0.6   0   0   -0.03   1.64185
0.6   0.8   0   0   -0.03   1.76994
0.00717852   0.2   0   0   -0.02   1.46284
0.2   0.4   0   0   -0.02   1.66352
0.4   0.6   0   0   -0.02   1.81302
0.6   0.8   0   0   -0.02   1.90517
0.00717852   0.2   0   0   -0.01   1.80576
0.2   0.4   0   0   -0.01   1.89597
0.4   0.6   0   0   -0.01   1.95912
0.6   0.8   0   0   -0.01   2.00718
0.00717852   0.2   0   0   0   1.98529
0.2   0.4   0   0   0   1.99694
0.4   0.6   0   0   0   2.01544
0.6   0.8   0   0   0   2.04453
0.00717852   0.2   0   0   0.01   1.80576
0.2   0.4   0   0   0.01   1.89597
0.4   0.6   0   0   0.01   1.95912
0.6   0.8   0   0   0.01   2.00718
0.00717852   0.2   0   0   0.02   1.46284
0.2   0.4   0   0   0.02   1.66352
0.4   0.6   0   0   0.02   1.81302
0.6   0.8   0   0   0.02   1.90517
0.00717852   0.2   0   0   0.03   1.2546
0.2   0.4   0   0   0.03   1.455
0.4   0.6   0   0   0.03   1.64185
0.6   0.8   0   0   0.03   1.76994
0.00717852   0.2   0   0   0.04   1.12372
0.2   0.4   0   0   0.04   1.28255
0.4   0.6   0   0   0.04   1.47038
0.6   0.8   0   0   0.04   1.61987
0.00717852   0.2   0   0   0.05   1.06675
0.2   0.4   0   0   0.05   1.18128
0.4   0.6   0   0   0.05   1.34152
0.6   0.8   0   0   0.05   1.48866
0.00717852   0.2   0   0   0.06   1.03464
0.2   0.4   0   0   0.06   1.11141
0.4   0.6   0   0   0.06   1.23773
0.6   0.8   0   0   0.06   1.37148
