0.00717852   0.2   -0.06   0   0   1.11747
0.2   0.4   -0.06   0   0   1.07474
0.4   0.6   -0.06   0   0   1.10555
0.6   0.8   -0.06   0   0   1.1447
0.00717852   0.2   -0.05   0   0   1.22098
0.2   0.4   -0.05   0   0   1.1653
0.4   0.6   -0.05   0   0   1.21241
0.6   0.8   -0.05   0   0   1.26688
0.00717852   0.2   -0.04   0   0   1.36929
0.2   0.4   -0.04   0   0   1.31455
0.4   0.6   -0.04   0   0   1.37359
0.6   0.8   -0.04   0   0   1.43881
0.00717852   0.2   -0.03   0   0   1.54204
0.2   0.4   -0.03   0   0   1.50832
0.4   0.6   -0.03   0   0   1.57169
0.6   0.8   -0.03   0   0   1.63884
0.00717852   0.2   -0.02   0   0   1.71099
0.2   0.4   -0.02   0   0   1.71047
0.4   0.6   -0.02   0   0   1.77073
0.6   0.8   -0.02   0   0   1.83181
0.00717852   0.2   -0.01   0   0   1.82629
0.2   0.4   -0.01   0   0   1.85268
0.4   0.6   -0.01   0   0   1.90845
0.6   0.8   -0.01   0   0   1.96235
0.00717852   0.2   0   0   0   1.86596
0.2   0.4   0   0   0   1.90183
0.4   0.6   0   0   0   1.95567
0.6   0.8   0   0   0   2.00669
0.00717852   0.2   0.01   0   0   1.82629
0.2   0.4   0.01   0   0   1.85268
0.4   0.6   0.01   0   0   1.90845
0.6   0.8   0.01   0   0   1.96235
0.00717852   0.2   0.02   0   0   1.71099
0.2   0.4   0.02   0   0   1.71047
0.4   0.6   0.02   0   0   1.77073
0.6   0.8   0.02   0   0   1.83181
0.00717852   0.2   0.03   0   0   1.54204
0.2   0.4   0.03   0   0   1.50832
0.4   0.6   0.03   0   0   1.57169
0.6   0.8   0.03   0   0   1.63884
0.00717852   0.2   0.04   0   0   1.36929
0.2   0.4   0.04   0   0   1.31455
0.4   0.6   0.04   0   0   1.37359
0.6   0.8   0.04   0   0   1.43881
0.00717852   0.2   0.05   0   0   1.22098
0.2   0.4   0.05   0   0   1.1653
0.4   0.6   0.05   0   0   1.21241
0.6   0.8   0.05   0   0   1.26688
0.00717852   0.2   0.06   0   0   1.11747
0.2   0.4   0.06   0   0   1.07474
0.4   0.6   0.06   0   0   1.10555
0.6   0.8   0.06   0   0   1.1447
0.00717852   0.2   0   -0.06   0   1.35507
0.2   0.4   0   -0.06   0   1.38655
0.4   0.6   0   -0.06   0   1.43649
0.6   0.8   0   -0.06   0   1.48582
0.00717852   0.2   0   -0.05   0   1.46829
0.2   0.4   0   -0.05   0   1.50072
0.4   0.6   0   -0.05   0   1.554
0.6   0.8   0   -0.05   0   1.60613
0.00717852   0.2   0   -0.04   0   1.58363
0.2   0.4   0   -0.04   0   1.61559
0.4   0.6   0   -0.04   0   1.67064
0.6   0.8   0   -0.04   0   1.72415
0.00717852   0.2   0   -0.03   0   1.6901
0.2   0.4   0   -0.03   0   1.72141
0.4   0.6   0   -0.03   0   1.77707
0.6   0.8   0   -0.03   0   1.83087
0.00717852   0.2   0   -0.02   0   1.7772
0.2   0.4   0   -0.02   0   1.80777
0.4   0.6   0   -0.02   0   1.86322
0.6   0.8   0   -0.02   0   1.91658
0.00717852   0.2   0   -0.01   0   1.84095
0.2   0.4   0   -0.01   0   1.87445
0.4   0.6   0   -0.01   0   1.92894
0.6   0.8   0   -0.01   0   1.98089
0.00717852   0.2   0   0   0   1.86596
0.2   0.4   0   0   0   1.90183
0.4   0.6   0   0   0   1.95567
0.6   0.8   0   0   0   2.00669
0.00717852   0.2   0   0.01   0   1.84095
0.2   0.4   0   0.01   0   1.87445
0.4   0.6   0   0.01   0   1.92894
0.6   0.8   0   0.01   0   1.98089
0.00717852   0.2   0   0.02   0   1.7772
0.2   0.4   0   0.02   0   1.80777
0.4   0.6   0   0.02   0   1.86322
0.6   0.8   0   0.02   0   1.91658
0.00717852   0.2   0   0.03   0   1.6901
0.2   0.4   0   0.03   0   1.72141
0.4   0.6   0   0.03   0   1.77707
0.6   0.8   0   0.03   0   1.83087
0.00717852   0.2   0   0.04   0   1.58363
0.2   0.4   0   0.04   0   1.61559
0.4   0.6   0   0.04   0   1.67064
0.6   0.8   0   0.04   0   1.72415
0.00717852   0.2   0   0.05   0   1.46829
0.2   0.4   0   0.05   0   1.50072
0.4   0.6   0   0.05   0   1.554
0.6   0.8   0   0.05   0   1.60613
0.00717852   0.2   0   0.06   0   1.35507
0.2   0.4   0   0.06   0   1.38655
0.4   0.6   0   0.06   0   1.43649
0.6   0.8   0   0.06   0   1.48582
0.00717852   0.2   0   0   -0.06   1.03045
0.2   0.4   0   0   -0.06   1.10078
0.4   0.6   0   0   -0.06   1.22374
0.6   0.8   0   0   -0.06   1.35802
0.00717852   0.2   0   0   -0.05   1.05866
0.2   0.4   0   0   -0.05   1.16399
0.4   0.6   0   0   -0.05   1.32142
0.6   0.8   0   0   -0.05   1.47096
0.00717852   0.2   0   0   -0.04   1.10874
0.2   0.4   0   0   -0.04   1.25559
0.4   0.6   0   0   -0.04   1.44269
0.6   0.8   0   0   -0.04   1.59741
0.00717852   0.2   0   0   -0.03   1.22377
0.2   0.4   0   0   -0.03   1.41159
0.4   0.6   0   0   -0.03   1.60407
0.6   0.8   0   0   -0.03   1.74204
0.00717852   0.2   0   0   -0.02   1.40678
0.2   0.4   0   0   -0.02   1.60022
0.4   0.6   0   0   -0.02   1.76517
0.6   0.8   0   0   -0.02   1.87238
0.00717852   0.2   0   0   -0.01   1.70818
0.2   0.4   0   0   -0.01   1.81049
0.4   0.6   0   0   -0.01   1.90266
0.6   0.8   0   0   -0.01   1.97069
0.00717852   0.2   0   0   0   1.86596
0.2   0.4   0   0   0   1.90183
0.4   0.6   0   0   0   1.95567
0.6   0.8   0   0   0   2.00669
0.00717852   0.2   0   0   0.01   1.70818
0.2   0.4   0   0   0.01   1.81049
0.4   0.6   0   0   0.01   1.90266
0.6   0.8   0   0   0.01   1.97069
0.00717852   0.2   0   0   0.02   1.40678
0.2   0.4   0   0   0.02   1.60022
0.4   0.6   0   0   0.02   1.76517
0.6   0.8   0   0   0.02   1.87238
0.00717852   0.2   0   0   0.03   1.22377
0.2   0.4   0   0   0.03   1.41159
0.4   0.6   0   0   0.03   1.60407
0.6   0.8   0   0   0.03   1.74204
0.00717852   0.2   0   0   0.04   1.10874
0.2   0.4   0   0   0.04   1.25559
0.4   0.6   0   0   0.04   1.44269
0.6   0.8   0   0   0.04   1.59741
0.00717852   0.2   0   0   0.05   1.05866
0.2   0.4   0   0   0.05   1.16399
0.4   0.6   0   0   0.05   1.32142
0.6   0.8   0   0   0.05   1.47096
0.00717852   0.2   0   0   0.06   1.03045
0.2   0.4   0   0   0.06   1.10078
0.4   0.6   0   0   0.06   1.22374
0.6   0.8   0   0   0.06   1.35802
